{"numFailedTestSuites":0,"numFailedTests":0,"numPassedTestSuites":3,"numPassedTests":39,"numPendingTestSuites":0,"numPendingTests":0,"numRuntimeErrorTestSuites":0,"numTodoTests":0,"numTotalTestSuites":3,"numTotalTests":39,"openHandles":[],"snapshot":{"added":0,"didUpdate":false,"failure":false,"filesAdded":0,"filesRemoved":0,"filesRemovedList":[],"filesUnmatched":0,"filesUpdated":0,"matched":0,"total":0,"unchecked":0,"uncheckedKeysByFile":[],"unmatched":0,"updated":0},"startTime":1647035557713,"success":true,"testResults":[{"assertionResults":[{"ancestorTitles":[],"failureMessages":[],"fullName":"Should get clients","location":null,"status":"passed","title":"Should get clients"}],"endTime":1647035558837,"message":"","name":"/code/tests/services.test.js","startTime":1647035558282,"status":"passed","summary":""},{"assertionResults":[{"ancestorTitles":["Lotacao"],"failureMessages":[],"fullName":"Lotacao Create a lotacao","location":null,"status":"passed","title":"Create a lotacao"},{"ancestorTitles":["Lotacao"],"failureMessages":[],"fullName":"Lotacao List All lotacao","location":null,"status":"passed","title":"List All lotacao"},{"ancestorTitles":["Lotacao"],"failureMessages":[],"fullName":"Lotacao Update a lotacao","location":null,"status":"passed","title":"Update a lotacao"},{"ancestorTitles":["Lotacao"],"failureMessages":[],"fullName":"Lotacao Delete a lotacao","location":null,"status":"passed","title":"Delete a lotacao"},{"ancestorTitles":["Lotacao"],"failureMessages":[],"fullName":"Lotacao Delete a invalid lotacao","location":null,"status":"passed","title":"Delete a invalid lotacao"}],"endTime":1647035560004,"message":"","name":"/code/tests/Lotacao.test.js","startTime":1647035558282,"status":"passed","summary":""},{"assertionResults":[{"ancestorTitles":["Sample Test"],"failureMessages":[],"fullName":"Sample Test App is defined","location":null,"status":"passed","title":"App is defined"},{"ancestorTitles":["Sample Test"],"failureMessages":[],"fullName":"Sample Test Get newest four clients","location":null,"status":"passed","title":"Get newest four clients"},{"ancestorTitles":["Sample Test"],"failureMessages":[],"fullName":"Sample Test Post client","location":null,"status":"passed","title":"Post client"},{"ancestorTitles":["Sample Test"],"failureMessages":[],"fullName":"Sample Test Post false client","location":null,"status":"passed","title":"Post false client"},{"ancestorTitles":["Sample Test"],"failureMessages":[],"fullName":"Sample Test Post client error","location":null,"status":"passed","title":"Post client error"},{"ancestorTitles":["Sample Test"],"failureMessages":[],"fullName":"Sample Test Get clients","location":null,"status":"passed","title":"Get clients"},{"ancestorTitles":["Sample Test"],"failureMessages":[],"fullName":"Sample Test Get client by id","location":null,"status":"passed","title":"Get client by id"},{"ancestorTitles":["Sample Test"],"failureMessages":[],"fullName":"Sample Test Get deactivated clients","location":null,"status":"passed","title":"Get deactivated clients"},{"ancestorTitles":["Sample Test"],"failureMessages":[],"fullName":"Sample Test Get without token","location":null,"status":"passed","title":"Get without token"},{"ancestorTitles":["Sample Test"],"failureMessages":[],"fullName":"Sample Test Get with invalid token","location":null,"status":"passed","title":"Get with invalid token"},{"ancestorTitles":["Sample Test"],"failureMessages":[],"fullName":"Sample Test Update client","location":null,"status":"passed","title":"Update client"},{"ancestorTitles":["Sample Test"],"failureMessages":[],"fullName":"Sample Test Update client error","location":null,"status":"passed","title":"Update client error"},{"ancestorTitles":["Sample Test"],"failureMessages":[],"fullName":"Sample Test Toggle active client","location":null,"status":"passed","title":"Toggle active client"},{"ancestorTitles":["Sample Test"],"failureMessages":[],"fullName":"Sample Test Get client history","location":null,"status":"passed","title":"Get client history"},{"ancestorTitles":["Sample Test"],"failureMessages":[],"fullName":"Sample Test Get client history error","location":null,"status":"passed","title":"Get client history error"},{"ancestorTitles":["Sample Test"],"failureMessages":[],"fullName":"Sample Test Post feature","location":null,"status":"passed","title":"Post feature"},{"ancestorTitles":["Sample Test"],"failureMessages":[],"fullName":"Sample Test Post feature with invalid name","location":null,"status":"passed","title":"Post feature with invalid name"},{"ancestorTitles":["Sample Test"],"failureMessages":[],"fullName":"Sample Test Post invalidFeature with invalid description","location":null,"status":"passed","title":"Post invalidFeature with invalid description"},{"ancestorTitles":["Sample Test"],"failureMessages":[],"fullName":"Sample Test Post feature with invalid color","location":null,"status":"passed","title":"Post feature with invalid color"},{"ancestorTitles":["Sample Test"],"failureMessages":[],"fullName":"Sample Test Post feature invalid token","location":null,"status":"passed","title":"Post feature invalid token"},{"ancestorTitles":["Sample Test"],"failureMessages":[],"fullName":"Sample Test Post feature without token","location":null,"status":"passed","title":"Post feature without token"},{"ancestorTitles":["Sample Test"],"failureMessages":[],"fullName":"Sample Test Get feature","location":null,"status":"passed","title":"Get feature"},{"ancestorTitles":["Sample Test"],"failureMessages":[],"fullName":"Sample Test Get feature with invalid token","location":null,"status":"passed","title":"Get feature with invalid token"},{"ancestorTitles":["Sample Test"],"failureMessages":[],"fullName":"Sample Test Get feature without token","location":null,"status":"passed","title":"Get feature without token"},{"ancestorTitles":["Sample Test"],"failureMessages":[],"fullName":"Sample Test Put feature","location":null,"status":"passed","title":"Put feature"},{"ancestorTitles":["Sample Test"],"failureMessages":[],"fullName":"Sample Test Put feature with invalids inputs","location":null,"status":"passed","title":"Put feature with invalids inputs"},{"ancestorTitles":["Sample Test"],"failureMessages":[],"fullName":"Sample Test Put feature with invalid token","location":null,"status":"passed","title":"Put feature with invalid token"},{"ancestorTitles":["Sample Test"],"failureMessages":[],"fullName":"Sample Test Put feature without token","location":null,"status":"passed","title":"Put feature without token"},{"ancestorTitles":["Sample Test"],"failureMessages":[],"fullName":"Sample Test Put feature with invalid ID","location":null,"status":"passed","title":"Put feature with invalid ID"},{"ancestorTitles":["Sample Test"],"failureMessages":[],"fullName":"Sample Test Get features by using ID","location":null,"status":"passed","title":"Get features by using ID"},{"ancestorTitles":["Sample Test"],"failureMessages":[],"fullName":"Sample Test Get features by using invalid ID","location":null,"status":"passed","title":"Get features by using invalid ID"},{"ancestorTitles":["Sample Test"],"failureMessages":[],"fullName":"Sample Test delete feature","location":null,"status":"passed","title":"delete feature"},{"ancestorTitles":["Sample Test"],"failureMessages":[],"fullName":"Sample Test delete feature with invalid ID","location":null,"status":"passed","title":"delete feature with invalid ID"}],"endTime":1647035560209,"message":"","name":"/code/tests/api.test.js","startTime":1647035558267,"status":"passed","summary":""}],"wasInterrupted":false,"coverageMap":{"/code/src/Services/Axios/userService.js":{"path":"/code/src/Services/Axios/userService.js","statementMap":{"0":{"start":{"line":1,"column":21},"end":{"line":1,"column":45}},"1":{"start":{"line":3,"column":16},"end":{"line":14,"column":1}},"2":{"start":{"line":4,"column":2},"end":{"line":13,"column":3}},"3":{"start":{"line":5,"column":17},"end":{"line":6,"column":40}},"4":{"start":{"line":6,"column":26},"end":{"line":6,"column":39}},"5":{"start":{"line":7,"column":4},"end":{"line":9,"column":5}},"6":{"start":{"line":8,"column":6},"end":{"line":8,"column":41}},"7":{"start":{"line":10,"column":4},"end":{"line":10,"column":16}},"8":{"start":{"line":12,"column":4},"end":{"line":12,"column":54}},"9":{"start":{"line":16,"column":0},"end":{"line":16,"column":29}}},"fnMap":{"0":{"name":"(anonymous_0)","decl":{"start":{"line":3,"column":16},"end":{"line":3,"column":17}},"loc":{"start":{"line":3,"column":41},"end":{"line":14,"column":1}},"line":3},"1":{"name":"(anonymous_1)","decl":{"start":{"line":6,"column":12},"end":{"line":6,"column":13}},"loc":{"start":{"line":6,"column":26},"end":{"line":6,"column":39}},"line":6}},"branchMap":{"0":{"loc":{"start":{"line":7,"column":4},"end":{"line":9,"column":5}},"type":"if","locations":[{"start":{"line":7,"column":4},"end":{"line":9,"column":5}},{"start":{},"end":{}}],"line":7}},"s":{"0":3,"1":3,"2":11,"3":11,"4":11,"5":11,"6":0,"7":11,"8":0,"9":3},"f":{"0":11,"1":11},"b":{"0":[0,11]},"_coverageSchema":"1a1c01bbd47fc00a2c39e90264f33305004495a9","hash":"3d73f3f3511382cdbc8fe4b5f75a8b4d7fccdaa1"},"/code/src/Services/Axios/baseService.js":{"path":"/code/src/Services/Axios/baseService.js","statementMap":{"0":{"start":{"line":1,"column":14},"end":{"line":1,"column":30}},"1":{"start":{"line":3,"column":22},"end":{"line":3,"column":33}},"2":{"start":{"line":5,"column":17},"end":{"line":7,"column":2}},"3":{"start":{"line":9,"column":0},"end":{"line":11,"column":2}}},"fnMap":{},"branchMap":{},"s":{"0":3,"1":3,"2":3,"3":3},"f":{},"b":{},"_coverageSchema":"1a1c01bbd47fc00a2c39e90264f33305004495a9","hash":"62665cccfd9506d8e904eaa0ef1650221e55c9e9"},"/code/src/index.js":{"path":"/code/src/index.js","statementMap":{"0":{"start":{"line":1,"column":16},"end":{"line":1,"column":34}},"1":{"start":{"line":2,"column":17},"end":{"line":2,"column":36}},"2":{"start":{"line":3,"column":13},"end":{"line":3,"column":28}},"3":{"start":{"line":4,"column":15},"end":{"line":4,"column":34}},"4":{"start":{"line":5,"column":0},"end":{"line":5,"column":27}},"5":{"start":{"line":13,"column":4},"end":{"line":13,"column":15}},"6":{"start":{"line":15,"column":12},"end":{"line":15,"column":67}},"7":{"start":{"line":17,"column":0},"end":{"line":23,"column":5}},"8":{"start":{"line":19,"column":4},"end":{"line":19,"column":40}},"9":{"start":{"line":22,"column":4},"end":{"line":22,"column":55}},"10":{"start":{"line":25,"column":12},"end":{"line":25,"column":21}},"11":{"start":{"line":26,"column":0},"end":{"line":26,"column":16}},"12":{"start":{"line":27,"column":0},"end":{"line":27,"column":41}},"13":{"start":{"line":28,"column":0},"end":{"line":28,"column":16}},"14":{"start":{"line":30,"column":0},"end":{"line":32,"column":3}},"15":{"start":{"line":31,"column":2},"end":{"line":31,"column":48}},"16":{"start":{"line":34,"column":0},"end":{"line":34,"column":21}}},"fnMap":{"0":{"name":"(anonymous_0)","decl":{"start":{"line":18,"column":8},"end":{"line":18,"column":9}},"loc":{"start":{"line":18,"column":14},"end":{"line":20,"column":3}},"line":18},"1":{"name":"(anonymous_1)","decl":{"start":{"line":21,"column":9},"end":{"line":21,"column":10}},"loc":{"start":{"line":21,"column":18},"end":{"line":23,"column":3}},"line":21},"2":{"name":"(anonymous_2)","decl":{"start":{"line":30,"column":17},"end":{"line":30,"column":18}},"loc":{"start":{"line":30,"column":23},"end":{"line":32,"column":1}},"line":30}},"branchMap":{},"s":{"0":2,"1":2,"2":2,"3":2,"4":2,"5":2,"6":2,"7":2,"8":2,"9":0,"10":2,"11":2,"12":2,"13":2,"14":2,"15":1,"16":2},"f":{"0":2,"1":0,"2":1},"b":{},"_coverageSchema":"1a1c01bbd47fc00a2c39e90264f33305004495a9","hash":"95fb9a227235c7ec0521a8dead8094614cfb187b"},"/code/src/routes.js":{"path":"/code/src/routes.js","statementMap":{"0":{"start":{"line":1,"column":16},"end":{"line":1,"column":34}},"1":{"start":{"line":2,"column":22},"end":{"line":2,"column":53}},"2":{"start":{"line":3,"column":25},"end":{"line":3,"column":66}},"3":{"start":{"line":4,"column":26},"end":{"line":4,"column":68}},"4":{"start":{"line":5,"column":26},"end":{"line":5,"column":68}},"5":{"start":{"line":6,"column":15},"end":{"line":6,"column":31}},"6":{"start":{"line":8,"column":0},"end":{"line":8,"column":67}},"7":{"start":{"line":9,"column":0},"end":{"line":13,"column":2}},"8":{"start":{"line":14,"column":0},"end":{"line":14,"column":63}},"9":{"start":{"line":15,"column":0},"end":{"line":15,"column":70}},"10":{"start":{"line":16,"column":0},"end":{"line":20,"column":2}},"11":{"start":{"line":21,"column":0},"end":{"line":21,"column":63}},"12":{"start":{"line":22,"column":0},"end":{"line":22,"column":72}},"13":{"start":{"line":23,"column":0},"end":{"line":27,"column":2}},"14":{"start":{"line":28,"column":0},"end":{"line":28,"column":71}},"15":{"start":{"line":29,"column":0},"end":{"line":29,"column":76}},"16":{"start":{"line":30,"column":0},"end":{"line":30,"column":75}},"17":{"start":{"line":31,"column":0},"end":{"line":35,"column":2}},"18":{"start":{"line":36,"column":0},"end":{"line":36,"column":78}},"19":{"start":{"line":37,"column":0},"end":{"line":37,"column":68}},"20":{"start":{"line":38,"column":0},"end":{"line":38,"column":64}},"21":{"start":{"line":39,"column":0},"end":{"line":39,"column":71}},"22":{"start":{"line":40,"column":0},"end":{"line":44,"column":2}},"23":{"start":{"line":45,"column":0},"end":{"line":45,"column":24}}},"fnMap":{},"branchMap":{},"s":{"0":2,"1":2,"2":2,"3":2,"4":2,"5":2,"6":2,"7":2,"8":2,"9":2,"10":2,"11":2,"12":2,"13":2,"14":2,"15":2,"16":2,"17":2,"18":2,"19":2,"20":2,"21":2,"22":2,"23":2},"f":{},"b":{},"_coverageSchema":"1a1c01bbd47fc00a2c39e90264f33305004495a9","hash":"fcf7a99588472a7cb2b2eed3e2760321496a5e3b"},"/code/src/Utils/functionsJWS.js":{"path":"/code/src/Utils/functionsJWS.js","statementMap":{"0":{"start":{"line":1,"column":12},"end":{"line":1,"column":35}},"1":{"start":{"line":4,"column":16},"end":{"line":4,"column":45}},"2":{"start":{"line":6,"column":2},"end":{"line":8,"column":3}},"3":{"start":{"line":7,"column":4},"end":{"line":7,"column":84}},"4":{"start":{"line":10,"column":2},"end":{"line":17,"column":5}},"5":{"start":{"line":11,"column":4},"end":{"line":13,"column":5}},"6":{"start":{"line":12,"column":6},"end":{"line":12,"column":101}},"7":{"start":{"line":14,"column":4},"end":{"line":14,"column":28}},"8":{"start":{"line":15,"column":4},"end":{"line":15,"column":11}},"9":{"start":{"line":16,"column":4},"end":{"line":16,"column":21}},"10":{"start":{"line":20,"column":0},"end":{"line":20,"column":31}}},"fnMap":{"0":{"name":"verifyJWT","decl":{"start":{"line":3,"column":9},"end":{"line":3,"column":18}},"loc":{"start":{"line":3,"column":35},"end":{"line":18,"column":1}},"line":3},"1":{"name":"(anonymous_1)","decl":{"start":{"line":10,"column":47},"end":{"line":10,"column":48}},"loc":{"start":{"line":10,"column":65},"end":{"line":17,"column":3}},"line":10}},"branchMap":{"0":{"loc":{"start":{"line":6,"column":2},"end":{"line":8,"column":3}},"type":"if","locations":[{"start":{"line":6,"column":2},"end":{"line":8,"column":3}},{"start":{},"end":{}}],"line":6},"1":{"loc":{"start":{"line":11,"column":4},"end":{"line":13,"column":5}},"type":"if","locations":[{"start":{"line":11,"column":4},"end":{"line":13,"column":5}},{"start":{},"end":{}}],"line":11}},"s":{"0":2,"1":47,"2":47,"3":4,"4":43,"5":43,"6":4,"7":39,"8":39,"9":39,"10":2},"f":{"0":47,"1":43},"b":{"0":[4,43],"1":[4,39]},"_coverageSchema":"1a1c01bbd47fc00a2c39e90264f33305004495a9","hash":"bf9caef562d6e74eaa286c7a249a084d23970848"},"/code/src/Controllers/ClientController.js":{"path":"/code/src/Controllers/ClientController.js","statementMap":{"0":{"start":{"line":1,"column":15},"end":{"line":1,"column":41}},"1":{"start":{"line":2,"column":15},"end":{"line":2,"column":48}},"2":{"start":{"line":3,"column":19},"end":{"line":3,"column":47}},"3":{"start":{"line":4,"column":26},"end":{"line":4,"column":52}},"4":{"start":{"line":5,"column":22},"end":{"line":5,"column":55}},"5":{"start":{"line":6,"column":20},"end":{"line":6,"column":60}},"6":{"start":{"line":8,"column":19},"end":{"line":18,"column":1}},"7":{"start":{"line":9,"column":21},"end":{"line":9,"column":30}},"8":{"start":{"line":10,"column":2},"end":{"line":13,"column":3}},"9":{"start":{"line":11,"column":20},"end":{"line":11,"column":70}},"10":{"start":{"line":12,"column":4},"end":{"line":12,"column":29}},"11":{"start":{"line":15,"column":18},"end":{"line":15,"column":74}},"12":{"start":{"line":17,"column":2},"end":{"line":17,"column":27}},"13":{"start":{"line":20,"column":15},"end":{"line":29,"column":1}},"14":{"start":{"line":21,"column":17},"end":{"line":21,"column":27}},"15":{"start":{"line":23,"column":2},"end":{"line":28,"column":3}},"16":{"start":{"line":24,"column":19},"end":{"line":24,"column":73}},"17":{"start":{"line":25,"column":4},"end":{"line":25,"column":28}},"18":{"start":{"line":27,"column":4},"end":{"line":27,"column":65}},"19":{"start":{"line":31,"column":15},"end":{"line":95,"column":1}},"20":{"start":{"line":45,"column":6},"end":{"line":45,"column":14}},"21":{"start":{"line":47,"column":23},"end":{"line":54,"column":3}},"22":{"start":{"line":56,"column":2},"end":{"line":58,"column":3}},"23":{"start":{"line":57,"column":4},"end":{"line":57,"column":59}},"24":{"start":{"line":60,"column":2},"end":{"line":94,"column":3}},"25":{"start":{"line":61,"column":18},"end":{"line":61,"column":47}},"26":{"start":{"line":62,"column":17},"end":{"line":62,"column":45}},"27":{"start":{"line":63,"column":4},"end":{"line":65,"column":5}},"28":{"start":{"line":64,"column":6},"end":{"line":64,"column":59}},"29":{"start":{"line":67,"column":17},"end":{"line":69,"column":15}},"30":{"start":{"line":70,"column":19},"end":{"line":89,"column":6}},"31":{"start":{"line":91,"column":4},"end":{"line":91,"column":28}},"32":{"start":{"line":93,"column":4},"end":{"line":93,"column":61}},"33":{"start":{"line":97,"column":15},"end":{"line":163,"column":1}},"34":{"start":{"line":98,"column":17},"end":{"line":98,"column":27}},"35":{"start":{"line":111,"column":6},"end":{"line":111,"column":14}},"36":{"start":{"line":113,"column":23},"end":{"line":120,"column":3}},"37":{"start":{"line":122,"column":2},"end":{"line":124,"column":3}},"38":{"start":{"line":123,"column":4},"end":{"line":123,"column":59}},"39":{"start":{"line":126,"column":2},"end":{"line":162,"column":3}},"40":{"start":{"line":127,"column":18},"end":{"line":127,"column":47}},"41":{"start":{"line":129,"column":17},"end":{"line":129,"column":45}},"42":{"start":{"line":131,"column":4},"end":{"line":133,"column":5}},"43":{"start":{"line":132,"column":6},"end":{"line":132,"column":59}},"44":{"start":{"line":135,"column":26},"end":{"line":135,"column":59}},"45":{"start":{"line":136,"column":20},"end":{"line":136,"column":45}},"46":{"start":{"line":137,"column":4},"end":{"line":139,"column":5}},"47":{"start":{"line":138,"column":6},"end":{"line":138,"column":53}},"48":{"start":{"line":140,"column":4},"end":{"line":158,"column":6}},"49":{"start":{"line":159,"column":4},"end":{"line":159,"column":29}},"50":{"start":{"line":161,"column":4},"end":{"line":161,"column":64}},"51":{"start":{"line":165,"column":21},"end":{"line":194,"column":1}},"52":{"start":{"line":166,"column":2},"end":{"line":193,"column":3}},"53":{"start":{"line":167,"column":19},"end":{"line":167,"column":29}},"54":{"start":{"line":169,"column":24},"end":{"line":169,"column":57}},"55":{"start":{"line":171,"column":21},"end":{"line":171,"column":32}},"56":{"start":{"line":173,"column":4},"end":{"line":175,"column":5}},"57":{"start":{"line":174,"column":6},"end":{"line":174,"column":71}},"58":{"start":{"line":177,"column":4},"end":{"line":177,"column":33}},"59":{"start":{"line":179,"column":25},"end":{"line":189,"column":5}},"60":{"start":{"line":184,"column":8},"end":{"line":186,"column":9}},"61":{"start":{"line":185,"column":10},"end":{"line":185,"column":43}},"62":{"start":{"line":187,"column":8},"end":{"line":187,"column":32}},"63":{"start":{"line":190,"column":4},"end":{"line":190,"column":24}},"64":{"start":{"line":192,"column":4},"end":{"line":192,"column":65}},"65":{"start":{"line":196,"column":16},"end":{"line":231,"column":1}},"66":{"start":{"line":197,"column":17},"end":{"line":197,"column":27}},"67":{"start":{"line":199,"column":2},"end":{"line":230,"column":3}},"68":{"start":{"line":200,"column":16},"end":{"line":200,"column":18}},"69":{"start":{"line":201,"column":18},"end":{"line":201,"column":47}},"70":{"start":{"line":202,"column":24},"end":{"line":202,"column":57}},"71":{"start":{"line":203,"column":26},"end":{"line":223,"column":5}},"72":{"start":{"line":205,"column":21},"end":{"line":205,"column":54}},"73":{"start":{"line":206,"column":8},"end":{"line":209,"column":9}},"74":{"start":{"line":207,"column":10},"end":{"line":207,"column":29}},"75":{"start":{"line":208,"column":10},"end":{"line":208,"column":17}},"76":{"start":{"line":210,"column":8},"end":{"line":221,"column":10}},"77":{"start":{"line":224,"column":4},"end":{"line":226,"column":5}},"78":{"start":{"line":225,"column":6},"end":{"line":225,"column":54}},"79":{"start":{"line":227,"column":4},"end":{"line":227,"column":35}},"80":{"start":{"line":229,"column":4},"end":{"line":229,"column":65}},"81":{"start":{"line":233,"column":29},"end":{"line":237,"column":1}},"82":{"start":{"line":234,"column":18},"end":{"line":234,"column":70}},"83":{"start":{"line":236,"column":2},"end":{"line":236,"column":39}},"84":{"start":{"line":239,"column":26},"end":{"line":266,"column":1}},"85":{"start":{"line":240,"column":17},"end":{"line":240,"column":27}},"86":{"start":{"line":241,"column":40},"end":{"line":241,"column":48}},"87":{"start":{"line":242,"column":2},"end":{"line":246,"column":3}},"88":{"start":{"line":243,"column":4},"end":{"line":245,"column":7}},"89":{"start":{"line":247,"column":2},"end":{"line":265,"column":3}},"90":{"start":{"line":248,"column":19},"end":{"line":248,"column":52}},"91":{"start":{"line":249,"column":4},"end":{"line":253,"column":5}},"92":{"start":{"line":250,"column":6},"end":{"line":252,"column":9}},"93":{"start":{"line":255,"column":4},"end":{"line":260,"column":19}},"94":{"start":{"line":262,"column":4},"end":{"line":262,"column":53}},"95":{"start":{"line":264,"column":4},"end":{"line":264,"column":58}},"96":{"start":{"line":268,"column":0},"end":{"line":277,"column":2}}},"fnMap":{"0":{"name":"(anonymous_0)","decl":{"start":{"line":8,"column":19},"end":{"line":8,"column":20}},"loc":{"start":{"line":8,"column":39},"end":{"line":18,"column":1}},"line":8},"1":{"name":"(anonymous_1)","decl":{"start":{"line":20,"column":15},"end":{"line":20,"column":16}},"loc":{"start":{"line":20,"column":35},"end":{"line":29,"column":1}},"line":20},"2":{"name":"(anonymous_2)","decl":{"start":{"line":31,"column":15},"end":{"line":31,"column":16}},"loc":{"start":{"line":31,"column":35},"end":{"line":95,"column":1}},"line":31},"3":{"name":"(anonymous_3)","decl":{"start":{"line":97,"column":15},"end":{"line":97,"column":16}},"loc":{"start":{"line":97,"column":35},"end":{"line":163,"column":1}},"line":97},"4":{"name":"(anonymous_4)","decl":{"start":{"line":165,"column":21},"end":{"line":165,"column":22}},"loc":{"start":{"line":165,"column":41},"end":{"line":194,"column":1}},"line":165},"5":{"name":"(anonymous_5)","decl":{"start":{"line":183,"column":6},"end":{"line":183,"column":7}},"loc":{"start":{"line":183,"column":23},"end":{"line":188,"column":7}},"line":183},"6":{"name":"(anonymous_6)","decl":{"start":{"line":196,"column":16},"end":{"line":196,"column":17}},"loc":{"start":{"line":196,"column":36},"end":{"line":231,"column":1}},"line":196},"7":{"name":"(anonymous_7)","decl":{"start":{"line":204,"column":30},"end":{"line":204,"column":31}},"loc":{"start":{"line":204,"column":46},"end":{"line":222,"column":7}},"line":204},"8":{"name":"(anonymous_8)","decl":{"start":{"line":233,"column":29},"end":{"line":233,"column":30}},"loc":{"start":{"line":233,"column":49},"end":{"line":237,"column":1}},"line":233},"9":{"name":"(anonymous_9)","decl":{"start":{"line":239,"column":26},"end":{"line":239,"column":27}},"loc":{"start":{"line":239,"column":46},"end":{"line":266,"column":1}},"line":239}},"branchMap":{"0":{"loc":{"start":{"line":10,"column":2},"end":{"line":13,"column":3}},"type":"if","locations":[{"start":{"line":10,"column":2},"end":{"line":13,"column":3}},{"start":{},"end":{}}],"line":10},"1":{"loc":{"start":{"line":56,"column":2},"end":{"line":58,"column":3}},"type":"if","locations":[{"start":{"line":56,"column":2},"end":{"line":58,"column":3}},{"start":{},"end":{}}],"line":56},"2":{"loc":{"start":{"line":63,"column":4},"end":{"line":65,"column":5}},"type":"if","locations":[{"start":{"line":63,"column":4},"end":{"line":65,"column":5}},{"start":{},"end":{}}],"line":63},"3":{"loc":{"start":{"line":122,"column":2},"end":{"line":124,"column":3}},"type":"if","locations":[{"start":{"line":122,"column":2},"end":{"line":124,"column":3}},{"start":{},"end":{}}],"line":122},"4":{"loc":{"start":{"line":131,"column":4},"end":{"line":133,"column":5}},"type":"if","locations":[{"start":{"line":131,"column":4},"end":{"line":133,"column":5}},{"start":{},"end":{}}],"line":131},"5":{"loc":{"start":{"line":137,"column":4},"end":{"line":139,"column":5}},"type":"if","locations":[{"start":{"line":137,"column":4},"end":{"line":139,"column":5}},{"start":{},"end":{}}],"line":137},"6":{"loc":{"start":{"line":173,"column":4},"end":{"line":175,"column":5}},"type":"if","locations":[{"start":{"line":173,"column":4},"end":{"line":175,"column":5}},{"start":{},"end":{}}],"line":173},"7":{"loc":{"start":{"line":184,"column":8},"end":{"line":186,"column":9}},"type":"if","locations":[{"start":{"line":184,"column":8},"end":{"line":186,"column":9}},{"start":{},"end":{}}],"line":184},"8":{"loc":{"start":{"line":206,"column":8},"end":{"line":209,"column":9}},"type":"if","locations":[{"start":{"line":206,"column":8},"end":{"line":209,"column":9}},{"start":{},"end":{}}],"line":206},"9":{"loc":{"start":{"line":224,"column":4},"end":{"line":226,"column":5}},"type":"if","locations":[{"start":{"line":224,"column":4},"end":{"line":226,"column":5}},{"start":{},"end":{}}],"line":224},"10":{"loc":{"start":{"line":242,"column":2},"end":{"line":246,"column":3}},"type":"if","locations":[{"start":{"line":242,"column":2},"end":{"line":246,"column":3}},{"start":{},"end":{}}],"line":242},"11":{"loc":{"start":{"line":249,"column":4},"end":{"line":253,"column":5}},"type":"if","locations":[{"start":{"line":249,"column":4},"end":{"line":253,"column":5}},{"start":{},"end":{}}],"line":249}},"s":{"0":2,"1":2,"2":2,"3":2,"4":2,"5":2,"6":2,"7":2,"8":2,"9":1,"10":1,"11":1,"12":1,"13":2,"14":1,"15":1,"16":1,"17":1,"18":0,"19":2,"20":9,"21":9,"22":9,"23":1,"24":8,"25":8,"26":8,"27":8,"28":0,"29":8,"30":8,"31":3,"32":5,"33":2,"34":2,"35":2,"36":2,"37":2,"38":1,"39":1,"40":1,"41":1,"42":1,"43":0,"44":1,"45":1,"46":1,"47":0,"48":1,"49":1,"50":0,"51":2,"52":1,"53":1,"54":1,"55":1,"56":1,"57":0,"58":1,"59":1,"60":1,"61":0,"62":1,"63":1,"64":0,"65":2,"66":2,"67":2,"68":2,"69":2,"70":2,"71":1,"72":1,"73":1,"74":0,"75":0,"76":1,"77":1,"78":0,"79":1,"80":1,"81":2,"82":1,"83":1,"84":2,"85":0,"86":0,"87":0,"88":0,"89":0,"90":0,"91":0,"92":0,"93":0,"94":0,"95":0,"96":2},"f":{"0":2,"1":1,"2":9,"3":2,"4":1,"5":1,"6":2,"7":1,"8":1,"9":0},"b":{"0":[1,1],"1":[1,8],"2":[0,8],"3":[1,1],"4":[0,1],"5":[0,1],"6":[0,1],"7":[0,1],"8":[0,1],"9":[0,1],"10":[0,0],"11":[0,0]},"_coverageSchema":"1a1c01bbd47fc00a2c39e90264f33305004495a9","hash":"abefa04890767dfdabc966771a120a34791303cf"},"/code/src/Models/ClientSchema.js":{"path":"/code/src/Models/ClientSchema.js","statementMap":{"0":{"start":{"line":1,"column":17},"end":{"line":1,"column":36}},"1":{"start":{"line":3,"column":21},"end":{"line":85,"column":2}},"2":{"start":{"line":87,"column":0},"end":{"line":87,"column":56}}},"fnMap":{},"branchMap":{},"s":{"0":2,"1":2,"2":2},"f":{},"b":{},"_coverageSchema":"1a1c01bbd47fc00a2c39e90264f33305004495a9","hash":"6523b455b39d7f4c225bcfc10bb10d1a336666da"},"/code/src/Utils/validate.js":{"path":"/code/src/Utils/validate.js","statementMap":{"0":{"start":{"line":1,"column":21},"end":{"line":4,"column":1}},"1":{"start":{"line":2,"column":16},"end":{"line":2,"column":64}},"2":{"start":{"line":3,"column":2},"end":{"line":3,"column":26}},"3":{"start":{"line":6,"column":20},"end":{"line":9,"column":1}},"4":{"start":{"line":7,"column":16},"end":{"line":7,"column":29}},"5":{"start":{"line":8,"column":2},"end":{"line":8,"column":25}},"6":{"start":{"line":11,"column":22},"end":{"line":14,"column":1}},"7":{"start":{"line":12,"column":16},"end":{"line":12,"column":175}},"8":{"start":{"line":13,"column":2},"end":{"line":13,"column":27}},"9":{"start":{"line":16,"column":22},"end":{"line":19,"column":1}},"10":{"start":{"line":17,"column":16},"end":{"line":17,"column":29}},"11":{"start":{"line":18,"column":2},"end":{"line":18,"column":27}},"12":{"start":{"line":21,"column":25},"end":{"line":33,"column":1}},"13":{"start":{"line":22,"column":17},"end":{"line":22,"column":19}},"14":{"start":{"line":24,"column":2},"end":{"line":26,"column":3}},"15":{"start":{"line":25,"column":4},"end":{"line":25,"column":32}},"16":{"start":{"line":26,"column":4},"end":{"line":28,"column":3}},"17":{"start":{"line":27,"column":4},"end":{"line":27,"column":39}},"18":{"start":{"line":28,"column":4},"end":{"line":30,"column":3}},"19":{"start":{"line":29,"column":4},"end":{"line":29,"column":33}},"20":{"start":{"line":32,"column":2},"end":{"line":32,"column":16}},"21":{"start":{"line":35,"column":17},"end":{"line":51,"column":1}},"22":{"start":{"line":36,"column":14},"end":{"line":36,"column":16}},"23":{"start":{"line":38,"column":2},"end":{"line":40,"column":3}},"24":{"start":{"line":39,"column":4},"end":{"line":39,"column":29}},"25":{"start":{"line":40,"column":4},"end":{"line":42,"column":3}},"26":{"start":{"line":41,"column":4},"end":{"line":41,"column":28}},"27":{"start":{"line":42,"column":4},"end":{"line":44,"column":3}},"28":{"start":{"line":43,"column":4},"end":{"line":43,"column":30}},"29":{"start":{"line":44,"column":4},"end":{"line":46,"column":3}},"30":{"start":{"line":45,"column":4},"end":{"line":45,"column":30}},"31":{"start":{"line":46,"column":4},"end":{"line":48,"column":3}},"32":{"start":{"line":47,"column":4},"end":{"line":47,"column":40}},"33":{"start":{"line":50,"column":2},"end":{"line":50,"column":13}},"34":{"start":{"line":53,"column":23},"end":{"line":56,"column":1}},"35":{"start":{"line":54,"column":16},"end":{"line":54,"column":32}},"36":{"start":{"line":55,"column":2},"end":{"line":55,"column":28}},"37":{"start":{"line":58,"column":0},"end":{"line":58,"column":64}}},"fnMap":{"0":{"name":"(anonymous_0)","decl":{"start":{"line":1,"column":21},"end":{"line":1,"column":22}},"loc":{"start":{"line":1,"column":31},"end":{"line":4,"column":1}},"line":1},"1":{"name":"(anonymous_1)","decl":{"start":{"line":6,"column":20},"end":{"line":6,"column":21}},"loc":{"start":{"line":6,"column":29},"end":{"line":9,"column":1}},"line":6},"2":{"name":"(anonymous_2)","decl":{"start":{"line":11,"column":22},"end":{"line":11,"column":23}},"loc":{"start":{"line":11,"column":33},"end":{"line":14,"column":1}},"line":11},"3":{"name":"(anonymous_3)","decl":{"start":{"line":16,"column":22},"end":{"line":16,"column":23}},"loc":{"start":{"line":16,"column":33},"end":{"line":19,"column":1}},"line":16},"4":{"name":"(anonymous_4)","decl":{"start":{"line":21,"column":25},"end":{"line":21,"column":26}},"loc":{"start":{"line":21,"column":55},"end":{"line":33,"column":1}},"line":21},"5":{"name":"(anonymous_5)","decl":{"start":{"line":35,"column":17},"end":{"line":35,"column":18}},"loc":{"start":{"line":35,"column":62},"end":{"line":51,"column":1}},"line":35},"6":{"name":"(anonymous_6)","decl":{"start":{"line":53,"column":23},"end":{"line":53,"column":24}},"loc":{"start":{"line":53,"column":35},"end":{"line":56,"column":1}},"line":53}},"branchMap":{"0":{"loc":{"start":{"line":24,"column":2},"end":{"line":26,"column":3}},"type":"if","locations":[{"start":{"line":24,"column":2},"end":{"line":26,"column":3}},{"start":{},"end":{}}],"line":24},"1":{"loc":{"start":{"line":26,"column":4},"end":{"line":28,"column":3}},"type":"if","locations":[{"start":{"line":26,"column":4},"end":{"line":28,"column":3}},{"start":{},"end":{}}],"line":26},"2":{"loc":{"start":{"line":28,"column":4},"end":{"line":30,"column":3}},"type":"if","locations":[{"start":{"line":28,"column":4},"end":{"line":30,"column":3}},{"start":{},"end":{}}],"line":28},"3":{"loc":{"start":{"line":38,"column":2},"end":{"line":40,"column":3}},"type":"if","locations":[{"start":{"line":38,"column":2},"end":{"line":40,"column":3}},{"start":{},"end":{}}],"line":38},"4":{"loc":{"start":{"line":40,"column":4},"end":{"line":42,"column":3}},"type":"if","locations":[{"start":{"line":40,"column":4},"end":{"line":42,"column":3}},{"start":{},"end":{}}],"line":40},"5":{"loc":{"start":{"line":42,"column":4},"end":{"line":44,"column":3}},"type":"if","locations":[{"start":{"line":42,"column":4},"end":{"line":44,"column":3}},{"start":{},"end":{}}],"line":42},"6":{"loc":{"start":{"line":44,"column":4},"end":{"line":46,"column":3}},"type":"if","locations":[{"start":{"line":44,"column":4},"end":{"line":46,"column":3}},{"start":{},"end":{}}],"line":44},"7":{"loc":{"start":{"line":46,"column":4},"end":{"line":48,"column":3}},"type":"if","locations":[{"start":{"line":46,"column":4},"end":{"line":48,"column":3}},{"start":{},"end":{}}],"line":46}},"s":{"0":2,"1":11,"2":11,"3":2,"4":11,"5":11,"6":2,"7":11,"8":11,"9":2,"10":22,"11":22,"12":2,"13":7,"14":7,"15":2,"16":7,"17":2,"18":7,"19":2,"20":7,"21":2,"22":11,"23":11,"24":2,"25":11,"26":2,"27":11,"28":2,"29":11,"30":2,"31":11,"32":2,"33":11,"34":2,"35":1,"36":1,"37":2},"f":{"0":11,"1":11,"2":11,"3":22,"4":7,"5":11,"6":1},"b":{"0":[2,5],"1":[2,5],"2":[2,5],"3":[2,9],"4":[2,9],"5":[2,9],"6":[2,9],"7":[2,9]},"_coverageSchema":"1a1c01bbd47fc00a2c39e90264f33305004495a9","hash":"a39e5fbae6c6d043781c72c7a9c250cdfe38c19b"},"/code/src/Utils/mailer.js":{"path":"/code/src/Utils/mailer.js","statementMap":{"0":{"start":{"line":1,"column":19},"end":{"line":1,"column":40}},"1":{"start":{"line":2,"column":15},"end":{"line":2,"column":39}},"2":{"start":{"line":3,"column":0},"end":{"line":3,"column":27}},"3":{"start":{"line":4,"column":15},"end":{"line":4,"column":41}},"4":{"start":{"line":6,"column":36},"end":{"line":6,"column":47}},"5":{"start":{"line":8,"column":20},"end":{"line":15,"column":2}},"6":{"start":{"line":17,"column":18},"end":{"line":19,"column":1}},"7":{"start":{"line":18,"column":2},"end":{"line":18,"column":35}},"8":{"start":{"line":21,"column":22},"end":{"line":30,"column":1}},"9":{"start":{"line":22,"column":2},"end":{"line":29,"column":3}},"10":{"start":{"line":23,"column":4},"end":{"line":23,"column":26}},"11":{"start":{"line":26,"column":15},"end":{"line":26,"column":35}},"12":{"start":{"line":27,"column":4},"end":{"line":27,"column":68}},"13":{"start":{"line":28,"column":4},"end":{"line":28,"column":60}},"14":{"start":{"line":28,"column":37},"end":{"line":28,"column":58}},"15":{"start":{"line":32,"column":0},"end":{"line":35,"column":2}}},"fnMap":{"0":{"name":"(anonymous_0)","decl":{"start":{"line":17,"column":18},"end":{"line":17,"column":19}},"loc":{"start":{"line":17,"column":34},"end":{"line":19,"column":1}},"line":17},"1":{"name":"(anonymous_1)","decl":{"start":{"line":21,"column":22},"end":{"line":21,"column":23}},"loc":{"start":{"line":21,"column":50},"end":{"line":30,"column":1}},"line":21},"2":{"name":"(anonymous_2)","decl":{"start":{"line":28,"column":31},"end":{"line":28,"column":32}},"loc":{"start":{"line":28,"column":37},"end":{"line":28,"column":58}},"line":28}},"branchMap":{"0":{"loc":{"start":{"line":22,"column":2},"end":{"line":29,"column":3}},"type":"if","locations":[{"start":{"line":22,"column":2},"end":{"line":29,"column":3}},{"start":{"line":25,"column":6},"end":{"line":29,"column":3}}],"line":22}},"s":{"0":2,"1":2,"2":2,"3":2,"4":2,"5":2,"6":2,"7":0,"8":2,"9":0,"10":0,"11":0,"12":0,"13":0,"14":0,"15":2},"f":{"0":0,"1":0,"2":0},"b":{"0":[0,0]},"_coverageSchema":"1a1c01bbd47fc00a2c39e90264f33305004495a9","hash":"c17ef4b802238cb9c4c846c9ed5bbd4ee6ede37d"},"/code/src/Utils/verifyChanges.js":{"path":"/code/src/Utils/verifyChanges.js","statementMap":{"0":{"start":{"line":1,"column":15},"end":{"line":1,"column":41}},"1":{"start":{"line":2,"column":15},"end":{"line":2,"column":48}},"2":{"start":{"line":4,"column":21},"end":{"line":13,"column":1}},"3":{"start":{"line":5,"column":15},"end":{"line":5,"column":96}},"4":{"start":{"line":6,"column":2},"end":{"line":12,"column":4}},"5":{"start":{"line":15,"column":22},"end":{"line":46,"column":1}},"6":{"start":{"line":16,"column":17},"end":{"line":16,"column":50}},"7":{"start":{"line":18,"column":21},"end":{"line":18,"column":23}},"8":{"start":{"line":20,"column":2},"end":{"line":22,"column":3}},"9":{"start":{"line":21,"column":4},"end":{"line":21,"column":56}},"10":{"start":{"line":23,"column":2},"end":{"line":25,"column":3}},"11":{"start":{"line":24,"column":4},"end":{"line":24,"column":55}},"12":{"start":{"line":26,"column":2},"end":{"line":28,"column":3}},"13":{"start":{"line":27,"column":4},"end":{"line":27,"column":57}},"14":{"start":{"line":29,"column":2},"end":{"line":31,"column":3}},"15":{"start":{"line":30,"column":4},"end":{"line":30,"column":57}},"16":{"start":{"line":32,"column":2},"end":{"line":34,"column":3}},"17":{"start":{"line":33,"column":4},"end":{"line":33,"column":66}},"18":{"start":{"line":35,"column":2},"end":{"line":37,"column":3}},"19":{"start":{"line":36,"column":4},"end":{"line":36,"column":58}},"20":{"start":{"line":38,"column":2},"end":{"line":40,"column":3}},"21":{"start":{"line":39,"column":4},"end":{"line":39,"column":59}},"22":{"start":{"line":41,"column":2},"end":{"line":43,"column":3}},"23":{"start":{"line":42,"column":4},"end":{"line":42,"column":60}},"24":{"start":{"line":45,"column":2},"end":{"line":45,"column":44}},"25":{"start":{"line":48,"column":0},"end":{"line":48,"column":31}}},"fnMap":{"0":{"name":"(anonymous_0)","decl":{"start":{"line":4,"column":21},"end":{"line":4,"column":22}},"loc":{"start":{"line":4,"column":46},"end":{"line":13,"column":1}},"line":4},"1":{"name":"(anonymous_1)","decl":{"start":{"line":15,"column":22},"end":{"line":15,"column":23}},"loc":{"start":{"line":15,"column":42},"end":{"line":46,"column":1}},"line":15}},"branchMap":{"0":{"loc":{"start":{"line":20,"column":2},"end":{"line":22,"column":3}},"type":"if","locations":[{"start":{"line":20,"column":2},"end":{"line":22,"column":3}},{"start":{},"end":{}}],"line":20},"1":{"loc":{"start":{"line":23,"column":2},"end":{"line":25,"column":3}},"type":"if","locations":[{"start":{"line":23,"column":2},"end":{"line":25,"column":3}},{"start":{},"end":{}}],"line":23},"2":{"loc":{"start":{"line":26,"column":2},"end":{"line":28,"column":3}},"type":"if","locations":[{"start":{"line":26,"column":2},"end":{"line":28,"column":3}},{"start":{},"end":{}}],"line":26},"3":{"loc":{"start":{"line":29,"column":2},"end":{"line":31,"column":3}},"type":"if","locations":[{"start":{"line":29,"column":2},"end":{"line":31,"column":3}},{"start":{},"end":{}}],"line":29},"4":{"loc":{"start":{"line":32,"column":2},"end":{"line":34,"column":3}},"type":"if","locations":[{"start":{"line":32,"column":2},"end":{"line":34,"column":3}},{"start":{},"end":{}}],"line":32},"5":{"loc":{"start":{"line":35,"column":2},"end":{"line":37,"column":3}},"type":"if","locations":[{"start":{"line":35,"column":2},"end":{"line":37,"column":3}},{"start":{},"end":{}}],"line":35},"6":{"loc":{"start":{"line":38,"column":2},"end":{"line":40,"column":3}},"type":"if","locations":[{"start":{"line":38,"column":2},"end":{"line":40,"column":3}},{"start":{},"end":{}}],"line":38},"7":{"loc":{"start":{"line":41,"column":2},"end":{"line":43,"column":3}},"type":"if","locations":[{"start":{"line":41,"column":2},"end":{"line":43,"column":3}},{"start":{},"end":{}}],"line":41}},"s":{"0":2,"1":2,"2":2,"3":3,"4":3,"5":2,"6":1,"7":1,"8":1,"9":0,"10":1,"11":1,"12":1,"13":1,"14":1,"15":0,"16":1,"17":0,"18":1,"19":0,"20":1,"21":0,"22":1,"23":1,"24":1,"25":2},"f":{"0":3,"1":1},"b":{"0":[0,1],"1":[1,0],"2":[1,0],"3":[0,1],"4":[0,1],"5":[0,1],"6":[0,1],"7":[1,0]},"_coverageSchema":"1a1c01bbd47fc00a2c39e90264f33305004495a9","hash":"7063218c510c91b8daa51b266b3f2e1d2eec2115"},"/code/src/Controllers/FeatureController.js":{"path":"/code/src/Controllers/FeatureController.js","statementMap":{"0":{"start":{"line":1,"column":15},"end":{"line":1,"column":41}},"1":{"start":{"line":2,"column":16},"end":{"line":2,"column":50}},"2":{"start":{"line":3,"column":29},"end":{"line":3,"column":57}},"3":{"start":{"line":5,"column":24},"end":{"line":9,"column":1}},"4":{"start":{"line":6,"column":19},"end":{"line":6,"column":39}},"5":{"start":{"line":8,"column":2},"end":{"line":8,"column":28}},"6":{"start":{"line":11,"column":24},"end":{"line":19,"column":1}},"7":{"start":{"line":12,"column":27},"end":{"line":12,"column":35}},"8":{"start":{"line":13,"column":2},"end":{"line":18,"column":3}},"9":{"start":{"line":14,"column":21},"end":{"line":14,"column":71}},"10":{"start":{"line":15,"column":4},"end":{"line":15,"column":42}},"11":{"start":{"line":17,"column":4},"end":{"line":17,"column":59}},"12":{"start":{"line":21,"column":22},"end":{"line":41,"column":1}},"13":{"start":{"line":24,"column":6},"end":{"line":24,"column":14}},"14":{"start":{"line":26,"column":20},"end":{"line":26,"column":62}},"15":{"start":{"line":28,"column":2},"end":{"line":30,"column":3}},"16":{"start":{"line":29,"column":4},"end":{"line":29,"column":56}},"17":{"start":{"line":32,"column":21},"end":{"line":38,"column":4}},"18":{"start":{"line":40,"column":2},"end":{"line":40,"column":42}},"19":{"start":{"line":43,"column":22},"end":{"line":66,"column":1}},"20":{"start":{"line":44,"column":17},"end":{"line":44,"column":27}},"21":{"start":{"line":47,"column":6},"end":{"line":47,"column":14}},"22":{"start":{"line":49,"column":20},"end":{"line":49,"column":62}},"23":{"start":{"line":51,"column":2},"end":{"line":53,"column":3}},"24":{"start":{"line":52,"column":4},"end":{"line":52,"column":56}},"25":{"start":{"line":55,"column":2},"end":{"line":65,"column":3}},"26":{"start":{"line":56,"column":27},"end":{"line":61,"column":43}},"27":{"start":{"line":61,"column":35},"end":{"line":61,"column":42}},"28":{"start":{"line":62,"column":4},"end":{"line":62,"column":48}},"29":{"start":{"line":64,"column":4},"end":{"line":64,"column":59}},"30":{"start":{"line":68,"column":22},"end":{"line":77,"column":1}},"31":{"start":{"line":69,"column":17},"end":{"line":69,"column":27}},"32":{"start":{"line":71,"column":2},"end":{"line":76,"column":3}},"33":{"start":{"line":72,"column":4},"end":{"line":72,"column":41}},"34":{"start":{"line":73,"column":4},"end":{"line":73,"column":56}},"35":{"start":{"line":75,"column":4},"end":{"line":75,"column":59}},"36":{"start":{"line":79,"column":0},"end":{"line":81,"column":2}}},"fnMap":{"0":{"name":"(anonymous_0)","decl":{"start":{"line":5,"column":24},"end":{"line":5,"column":25}},"loc":{"start":{"line":5,"column":44},"end":{"line":9,"column":1}},"line":5},"1":{"name":"(anonymous_1)","decl":{"start":{"line":11,"column":24},"end":{"line":11,"column":25}},"loc":{"start":{"line":11,"column":44},"end":{"line":19,"column":1}},"line":11},"2":{"name":"(anonymous_2)","decl":{"start":{"line":21,"column":22},"end":{"line":21,"column":23}},"loc":{"start":{"line":21,"column":42},"end":{"line":41,"column":1}},"line":21},"3":{"name":"(anonymous_3)","decl":{"start":{"line":43,"column":22},"end":{"line":43,"column":23}},"loc":{"start":{"line":43,"column":42},"end":{"line":66,"column":1}},"line":43},"4":{"name":"(anonymous_4)","decl":{"start":{"line":61,"column":22},"end":{"line":61,"column":23}},"loc":{"start":{"line":61,"column":35},"end":{"line":61,"column":42}},"line":61},"5":{"name":"(anonymous_5)","decl":{"start":{"line":68,"column":22},"end":{"line":68,"column":23}},"loc":{"start":{"line":68,"column":42},"end":{"line":77,"column":1}},"line":68}},"branchMap":{"0":{"loc":{"start":{"line":28,"column":2},"end":{"line":30,"column":3}},"type":"if","locations":[{"start":{"line":28,"column":2},"end":{"line":30,"column":3}},{"start":{},"end":{}}],"line":28},"1":{"loc":{"start":{"line":51,"column":2},"end":{"line":53,"column":3}},"type":"if","locations":[{"start":{"line":51,"column":2},"end":{"line":53,"column":3}},{"start":{},"end":{}}],"line":51}},"s":{"0":2,"1":2,"2":2,"3":2,"4":1,"5":1,"6":2,"7":2,"8":2,"9":2,"10":1,"11":1,"12":2,"13":4,"14":4,"15":4,"16":3,"17":1,"18":1,"19":2,"20":3,"21":3,"22":3,"23":3,"24":1,"25":2,"26":2,"27":2,"28":1,"29":1,"30":2,"31":2,"32":2,"33":2,"34":1,"35":1,"36":2},"f":{"0":1,"1":2,"2":4,"3":3,"4":2,"5":2},"b":{"0":[3,1],"1":[1,2]},"_coverageSchema":"1a1c01bbd47fc00a2c39e90264f33305004495a9","hash":"51a74730a2df99511b5f4764599ffbbcddb78648"},"/code/src/Models/FeatureSchema.js":{"path":"/code/src/Models/FeatureSchema.js","statementMap":{"0":{"start":{"line":1,"column":17},"end":{"line":1,"column":36}},"1":{"start":{"line":3,"column":22},"end":{"line":24,"column":2}},"2":{"start":{"line":26,"column":0},"end":{"line":26,"column":58}}},"fnMap":{},"branchMap":{},"s":{"0":2,"1":2,"2":2},"f":{},"b":{},"_coverageSchema":"1a1c01bbd47fc00a2c39e90264f33305004495a9","hash":"82bb311832adad14bad3733e2a4f8bed589df20e"},"/code/src/Controllers/LotacaoController.js":{"path":"/code/src/Controllers/LotacaoController.js","statementMap":{"0":{"start":{"line":1,"column":15},"end":{"line":1,"column":41}},"1":{"start":{"line":2,"column":16},"end":{"line":2,"column":50}},"2":{"start":{"line":5,"column":15},"end":{"line":22,"column":1}},"3":{"start":{"line":8,"column":6},"end":{"line":8,"column":14}},"4":{"start":{"line":10,"column":4},"end":{"line":21,"column":3}},"5":{"start":{"line":11,"column":21},"end":{"line":11,"column":102}},"6":{"start":{"line":12,"column":24},"end":{"line":17,"column":6}},"7":{"start":{"line":18,"column":4},"end":{"line":18,"column":29}},"8":{"start":{"line":20,"column":4},"end":{"line":20,"column":61}},"9":{"start":{"line":25,"column":19},"end":{"line":28,"column":1}},"10":{"start":{"line":26,"column":26},"end":{"line":26,"column":46}},"11":{"start":{"line":27,"column":4},"end":{"line":27,"column":35}},"12":{"start":{"line":30,"column":15},"end":{"line":48,"column":1}},"13":{"start":{"line":31,"column":19},"end":{"line":31,"column":29}},"14":{"start":{"line":34,"column":8},"end":{"line":34,"column":16}},"15":{"start":{"line":36,"column":4},"end":{"line":46,"column":5}},"16":{"start":{"line":37,"column":22},"end":{"line":42,"column":20}},"17":{"start":{"line":43,"column":6},"end":{"line":43,"column":31}},"18":{"start":{"line":45,"column":6},"end":{"line":45,"column":66}},"19":{"start":{"line":50,"column":22},"end":{"line":58,"column":1}},"20":{"start":{"line":51,"column":19},"end":{"line":51,"column":29}},"21":{"start":{"line":52,"column":2},"end":{"line":57,"column":3}},"22":{"start":{"line":53,"column":4},"end":{"line":53,"column":41}},"23":{"start":{"line":54,"column":4},"end":{"line":54,"column":56}},"24":{"start":{"line":56,"column":4},"end":{"line":56,"column":59}},"25":{"start":{"line":61,"column":0},"end":{"line":63,"column":2}}},"fnMap":{"0":{"name":"(anonymous_0)","decl":{"start":{"line":5,"column":15},"end":{"line":5,"column":16}},"loc":{"start":{"line":5,"column":35},"end":{"line":22,"column":1}},"line":5},"1":{"name":"(anonymous_1)","decl":{"start":{"line":25,"column":19},"end":{"line":25,"column":20}},"loc":{"start":{"line":25,"column":35},"end":{"line":28,"column":1}},"line":25},"2":{"name":"(anonymous_2)","decl":{"start":{"line":30,"column":15},"end":{"line":30,"column":16}},"loc":{"start":{"line":30,"column":31},"end":{"line":48,"column":1}},"line":30},"3":{"name":"(anonymous_3)","decl":{"start":{"line":50,"column":22},"end":{"line":50,"column":23}},"loc":{"start":{"line":50,"column":38},"end":{"line":58,"column":1}},"line":50}},"branchMap":{},"s":{"0":2,"1":2,"2":2,"3":5,"4":5,"5":5,"6":5,"7":5,"8":0,"9":2,"10":1,"11":1,"12":2,"13":1,"14":1,"15":1,"16":1,"17":1,"18":0,"19":2,"20":2,"21":2,"22":2,"23":1,"24":1,"25":2},"f":{"0":5,"1":1,"2":1,"3":2},"b":{},"_coverageSchema":"1a1c01bbd47fc00a2c39e90264f33305004495a9","hash":"877fb7b6eced8241f7cfb6018867b2f6f4c712a0"},"/code/src/Models/LotacaoSchema.js":{"path":"/code/src/Models/LotacaoSchema.js","statementMap":{"0":{"start":{"line":1,"column":17},"end":{"line":1,"column":36}},"1":{"start":{"line":3,"column":22},"end":{"line":21,"column":2}},"2":{"start":{"line":23,"column":0},"end":{"line":23,"column":58}}},"fnMap":{},"branchMap":{},"s":{"0":2,"1":2,"2":2},"f":{},"b":{},"_coverageSchema":"1a1c01bbd47fc00a2c39e90264f33305004495a9","hash":"853e3923502701305ccedcec11fb45f1b92fd162"}}}