{"numFailedTestSuites":1,"numFailedTests":8,"numPassedTestSuites":1,"numPassedTests":31,"numPendingTestSuites":0,"numPendingTests":0,"numRuntimeErrorTestSuites":0,"numTodoTests":0,"numTotalTestSuites":2,"numTotalTests":39,"openHandles":[],"snapshot":{"added":0,"didUpdate":false,"failure":false,"filesAdded":0,"filesRemoved":0,"filesRemovedList":[],"filesUnmatched":0,"filesUpdated":0,"matched":0,"total":0,"unchecked":0,"uncheckedKeysByFile":[],"unmatched":0,"updated":0},"startTime":1647643605656,"success":false,"testResults":[{"assertionResults":[{"ancestorTitles":[],"failureMessages":[],"fullName":"Should get clients","location":null,"status":"passed","title":"Should get clients"}],"endTime":1647643607039,"message":"","name":"/code/tests/services.test.js","startTime":1647643606329,"status":"passed","summary":""},{"assertionResults":[{"ancestorTitles":["Sample Test"],"failureMessages":[],"fullName":"Sample Test App is defined","location":null,"status":"passed","title":"App is defined"},{"ancestorTitles":["Sample Test"],"failureMessages":[],"fullName":"Sample Test Get newest four clients","location":null,"status":"passed","title":"Get newest four clients"},{"ancestorTitles":["Sample Test"],"failureMessages":["Error: \u001b[2mexpect(\u001b[22m\u001b[31mreceived\u001b[39m\u001b[2m).\u001b[22mtoBe\u001b[2m(\u001b[22m\u001b[32mexpected\u001b[39m\u001b[2m) // Object.is equality\u001b[22m\n\nExpected: \u001b[32m200\u001b[39m\nReceived: \u001b[31m400\u001b[39m\n    at Object.<anonymous> (/code/tests/api.test.js:148:28)\n    at processTicksAndRejections (node:internal/process/task_queues:94:5)"],"fullName":"Sample Test Post client","location":null,"status":"failed","title":"Post client"},{"ancestorTitles":["Sample Test"],"failureMessages":["Error: \u001b[2mexpect(\u001b[22m\u001b[31mreceived\u001b[39m\u001b[2m).\u001b[22mtoBe\u001b[2m(\u001b[22m\u001b[32mexpected\u001b[39m\u001b[2m) // Object.is equality\u001b[22m\n\nExpected: \u001b[32m200\u001b[39m\nReceived: \u001b[31m400\u001b[39m\n    at Object.<anonymous> (/code/tests/api.test.js:165:28)\n    at processTicksAndRejections (node:internal/process/task_queues:94:5)"],"fullName":"Sample Test Post false client","location":null,"status":"failed","title":"Post false client"},{"ancestorTitles":["Sample Test"],"failureMessages":[],"fullName":"Sample Test Post client error","location":null,"status":"passed","title":"Post client error"},{"ancestorTitles":["Sample Test"],"failureMessages":["Error: \u001b[2mexpect(\u001b[22m\u001b[31mreceived\u001b[39m\u001b[2m).\u001b[22mtoBe\u001b[2m(\u001b[22m\u001b[32mexpected\u001b[39m\u001b[2m) // Object.is equality\u001b[22m\n\nExpected: \u001b[32m\"Davi Rogerio\"\u001b[39m\nReceived: \u001b[31m\"Vitor Leal\"\u001b[39m\n    at Object.<anonymous> (/code/tests/api.test.js:201:36)\n    at processTicksAndRejections (node:internal/process/task_queues:94:5)"],"fullName":"Sample Test Get clients","location":null,"status":"failed","title":"Get clients"},{"ancestorTitles":["Sample Test"],"failureMessages":["Error: \u001b[2mexpect(\u001b[22m\u001b[31mreceived\u001b[39m\u001b[2m).\u001b[22mtoBe\u001b[2m(\u001b[22m\u001b[32mexpected\u001b[39m\u001b[2m) // Object.is equality\u001b[22m\n\nExpected: \u001b[32m200\u001b[39m\nReceived: \u001b[31m400\u001b[39m\n    at Object.<anonymous> (/code/tests/api.test.js:215:28)\n    at processTicksAndRejections (node:internal/process/task_queues:94:5)"],"fullName":"Sample Test Get client by id","location":null,"status":"failed","title":"Get client by id"},{"ancestorTitles":["Sample Test"],"failureMessages":["Error: \u001b[2mexpect(\u001b[22m\u001b[31mreceived\u001b[39m\u001b[2m).\u001b[22mtoBe\u001b[2m(\u001b[22m\u001b[32mexpected\u001b[39m\u001b[2m) // Object.is equality\u001b[22m\n\nExpected: \u001b[32m\"\u001b[7mCeilând\u001b[27mia\"\u001b[39m\nReceived: \u001b[31m\"\u001b[7mBrasíl\u001b[27mia\"\u001b[39m\n    at Object.<anonymous> (/code/tests/api.test.js:232:39)\n    at processTicksAndRejections (node:internal/process/task_queues:94:5)"],"fullName":"Sample Test Get deactivated clients","location":null,"status":"failed","title":"Get deactivated clients"},{"ancestorTitles":["Sample Test"],"failureMessages":[],"fullName":"Sample Test Get without token","location":null,"status":"passed","title":"Get without token"},{"ancestorTitles":["Sample Test"],"failureMessages":[],"fullName":"Sample Test Get with invalid token","location":null,"status":"passed","title":"Get with invalid token"},{"ancestorTitles":["Sample Test"],"failureMessages":["Error: \u001b[2mexpect(\u001b[22m\u001b[31mreceived\u001b[39m\u001b[2m).\u001b[22mtoBe\u001b[2m(\u001b[22m\u001b[32mexpected\u001b[39m\u001b[2m) // Object.is equality\u001b[22m\n\nExpected: \u001b[32m200\u001b[39m\nReceived: \u001b[31m400\u001b[39m\n    at Object.<anonymous> (/code/tests/api.test.js:271:28)\n    at processTicksAndRejections (node:internal/process/task_queues:94:5)"],"fullName":"Sample Test Update client","location":null,"status":"failed","title":"Update client"},{"ancestorTitles":["Sample Test"],"failureMessages":[],"fullName":"Sample Test Update client error","location":null,"status":"passed","title":"Update client error"},{"ancestorTitles":["Sample Test"],"failureMessages":["Error: \u001b[2mexpect(\u001b[22m\u001b[31mreceived\u001b[39m\u001b[2m).\u001b[22mtoBe\u001b[2m(\u001b[22m\u001b[32mexpected\u001b[39m\u001b[2m) // Object.is equality\u001b[22m\n\nExpected: \u001b[32m200\u001b[39m\nReceived: \u001b[31m400\u001b[39m\n    at Object.<anonymous> (/code/tests/api.test.js:303:28)\n    at processTicksAndRejections (node:internal/process/task_queues:94:5)"],"fullName":"Sample Test Toggle active client","location":null,"status":"failed","title":"Toggle active client"},{"ancestorTitles":["Sample Test"],"failureMessages":["TypeError: Cannot read property 'label' of undefined\n    at Object.<anonymous> (/code/tests/api.test.js:322:24)\n    at processTicksAndRejections (node:internal/process/task_queues:94:5)"],"fullName":"Sample Test Get client history","location":null,"status":"failed","title":"Get client history"},{"ancestorTitles":["Sample Test"],"failureMessages":[],"fullName":"Sample Test Get client history error","location":null,"status":"passed","title":"Get client history error"},{"ancestorTitles":["Sample Test"],"failureMessages":[],"fullName":"Sample Test Post feature","location":null,"status":"passed","title":"Post feature"},{"ancestorTitles":["Sample Test"],"failureMessages":[],"fullName":"Sample Test Post feature with invalid name","location":null,"status":"passed","title":"Post feature with invalid name"},{"ancestorTitles":["Sample Test"],"failureMessages":[],"fullName":"Sample Test Post invalidFeature with invalid description","location":null,"status":"passed","title":"Post invalidFeature with invalid description"},{"ancestorTitles":["Sample Test"],"failureMessages":[],"fullName":"Sample Test Post feature with invalid color","location":null,"status":"passed","title":"Post feature with invalid color"},{"ancestorTitles":["Sample Test"],"failureMessages":[],"fullName":"Sample Test Post feature invalid token","location":null,"status":"passed","title":"Post feature invalid token"},{"ancestorTitles":["Sample Test"],"failureMessages":[],"fullName":"Sample Test Post feature without token","location":null,"status":"passed","title":"Post feature without token"},{"ancestorTitles":["Sample Test"],"failureMessages":[],"fullName":"Sample Test Get feature","location":null,"status":"passed","title":"Get feature"},{"ancestorTitles":["Sample Test"],"failureMessages":[],"fullName":"Sample Test Get feature with invalid token","location":null,"status":"passed","title":"Get feature with invalid token"},{"ancestorTitles":["Sample Test"],"failureMessages":[],"fullName":"Sample Test Get feature without token","location":null,"status":"passed","title":"Get feature without token"},{"ancestorTitles":["Sample Test"],"failureMessages":[],"fullName":"Sample Test Put feature","location":null,"status":"passed","title":"Put feature"},{"ancestorTitles":["Sample Test"],"failureMessages":[],"fullName":"Sample Test Put feature with invalids inputs","location":null,"status":"passed","title":"Put feature with invalids inputs"},{"ancestorTitles":["Sample Test"],"failureMessages":[],"fullName":"Sample Test Put feature with invalid token","location":null,"status":"passed","title":"Put feature with invalid token"},{"ancestorTitles":["Sample Test"],"failureMessages":[],"fullName":"Sample Test Put feature without token","location":null,"status":"passed","title":"Put feature without token"},{"ancestorTitles":["Sample Test"],"failureMessages":[],"fullName":"Sample Test Put feature with invalid ID","location":null,"status":"passed","title":"Put feature with invalid ID"},{"ancestorTitles":["Sample Test"],"failureMessages":[],"fullName":"Sample Test Get features by using ID","location":null,"status":"passed","title":"Get features by using ID"},{"ancestorTitles":["Sample Test"],"failureMessages":[],"fullName":"Sample Test Get features by using invalid ID","location":null,"status":"passed","title":"Get features by using invalid ID"},{"ancestorTitles":["Sample Test"],"failureMessages":[],"fullName":"Sample Test delete feature","location":null,"status":"passed","title":"delete feature"},{"ancestorTitles":["Sample Test"],"failureMessages":[],"fullName":"Sample Test delete feature with invalid ID","location":null,"status":"passed","title":"delete feature with invalid ID"},{"ancestorTitles":["Sample Test"],"failureMessages":[],"fullName":"Sample Test Create a lotacao","location":null,"status":"passed","title":"Create a lotacao"},{"ancestorTitles":["Sample Test"],"failureMessages":[],"fullName":"Sample Test List All lotacao","location":null,"status":"passed","title":"List All lotacao"},{"ancestorTitles":["Sample Test"],"failureMessages":[],"fullName":"Sample Test Update a lotacao","location":null,"status":"passed","title":"Update a lotacao"},{"ancestorTitles":["Sample Test"],"failureMessages":[],"fullName":"Sample Test Delete a lotacao","location":null,"status":"passed","title":"Delete a lotacao"},{"ancestorTitles":["Sample Test"],"failureMessages":[],"fullName":"Sample Test Delete a invalid lotacao","location":null,"status":"passed","title":"Delete a invalid lotacao"}],"endTime":1647643608972,"message":"\u001b[1m\u001b[31m  \u001b[1m● \u001b[22m\u001b[1mSample Test › Post client\u001b[39m\u001b[22m\n\n    \u001b[2mexpect(\u001b[22m\u001b[31mreceived\u001b[39m\u001b[2m).\u001b[22mtoBe\u001b[2m(\u001b[22m\u001b[32mexpected\u001b[39m\u001b[2m) // Object.is equality\u001b[22m\n\n    Expected: \u001b[32m200\u001b[39m\n    Received: \u001b[31m400\u001b[39m\n\u001b[2m\u001b[22m\n\u001b[2m    \u001b[0m \u001b[90m 146 |\u001b[39m   it(\u001b[32m'Post client'\u001b[39m\u001b[33m,\u001b[39m \u001b[36masync\u001b[39m (done) \u001b[33m=>\u001b[39m {\u001b[0m\u001b[22m\n\u001b[2m    \u001b[0m \u001b[90m 147 |\u001b[39m     \u001b[36mconst\u001b[39m res \u001b[33m=\u001b[39m \u001b[36mawait\u001b[39m request(app)\u001b[33m.\u001b[39mpost(\u001b[32m'/clients/create/'\u001b[39m)\u001b[33m.\u001b[39m\u001b[36mset\u001b[39m(\u001b[32m'x-access-token'\u001b[39m\u001b[33m,\u001b[39m token)\u001b[33m.\u001b[39msend(client)\u001b[33m;\u001b[39m\u001b[0m\u001b[22m\n\u001b[2m    \u001b[0m\u001b[31m\u001b[1m>\u001b[22m\u001b[2m\u001b[39m\u001b[90m 148 |\u001b[39m     expect(res\u001b[33m.\u001b[39mstatusCode)\u001b[33m.\u001b[39mtoBe(\u001b[35m200\u001b[39m)\u001b[33m;\u001b[39m\u001b[0m\u001b[22m\n\u001b[2m    \u001b[0m \u001b[90m     |\u001b[39m                            \u001b[31m\u001b[1m^\u001b[22m\u001b[2m\u001b[39m\u001b[0m\u001b[22m\n\u001b[2m    \u001b[0m \u001b[90m 149 |\u001b[39m     expect(res\u001b[33m.\u001b[39mbody\u001b[33m.\u001b[39mphone)\u001b[33m.\u001b[39mtoBe(client\u001b[33m.\u001b[39mphone)\u001b[33m;\u001b[39m\u001b[0m\u001b[22m\n\u001b[2m    \u001b[0m \u001b[90m 150 |\u001b[39m     expect(res\u001b[33m.\u001b[39mbody\u001b[33m.\u001b[39msecondaryPhone)\u001b[33m.\u001b[39mtoBe(client\u001b[33m.\u001b[39msecondaryPhone)\u001b[33m;\u001b[39m\u001b[0m\u001b[22m\n\u001b[2m    \u001b[0m \u001b[90m 151 |\u001b[39m     expect(res\u001b[33m.\u001b[39mbody\u001b[33m.\u001b[39mcpf)\u001b[33m.\u001b[39mtoBe(client\u001b[33m.\u001b[39mcpf)\u001b[33m;\u001b[39m\u001b[0m\u001b[22m\n\u001b[2m\u001b[22m\n\u001b[2m      \u001b[2mat Object.<anonymous> (\u001b[22m\u001b[2m\u001b[0m\u001b[36mtests/api.test.js\u001b[39m\u001b[0m\u001b[2m:148:28)\u001b[22m\u001b[2m\u001b[22m\n\n\u001b[1m\u001b[31m  \u001b[1m● \u001b[22m\u001b[1mSample Test › Post false client\u001b[39m\u001b[22m\n\n    \u001b[2mexpect(\u001b[22m\u001b[31mreceived\u001b[39m\u001b[2m).\u001b[22mtoBe\u001b[2m(\u001b[22m\u001b[32mexpected\u001b[39m\u001b[2m) // Object.is equality\u001b[22m\n\n    Expected: \u001b[32m200\u001b[39m\n    Received: \u001b[31m400\u001b[39m\n\u001b[2m\u001b[22m\n\u001b[2m    \u001b[0m \u001b[90m 163 |\u001b[39m   it(\u001b[32m'Post false client'\u001b[39m\u001b[33m,\u001b[39m \u001b[36masync\u001b[39m (done) \u001b[33m=>\u001b[39m {\u001b[0m\u001b[22m\n\u001b[2m    \u001b[0m \u001b[90m 164 |\u001b[39m     \u001b[36mconst\u001b[39m res \u001b[33m=\u001b[39m \u001b[36mawait\u001b[39m request(app)\u001b[33m.\u001b[39mpost(\u001b[32m'/clients/create/'\u001b[39m)\u001b[33m.\u001b[39m\u001b[36mset\u001b[39m(\u001b[32m'x-access-token'\u001b[39m\u001b[33m,\u001b[39m token)\u001b[33m.\u001b[39msend(falseClient)\u001b[33m;\u001b[39m\u001b[0m\u001b[22m\n\u001b[2m    \u001b[0m\u001b[31m\u001b[1m>\u001b[22m\u001b[2m\u001b[39m\u001b[90m 165 |\u001b[39m     expect(res\u001b[33m.\u001b[39mstatusCode)\u001b[33m.\u001b[39mtoBe(\u001b[35m200\u001b[39m)\u001b[33m;\u001b[39m\u001b[0m\u001b[22m\n\u001b[2m    \u001b[0m \u001b[90m     |\u001b[39m                            \u001b[31m\u001b[1m^\u001b[22m\u001b[2m\u001b[39m\u001b[0m\u001b[22m\n\u001b[2m    \u001b[0m \u001b[90m 166 |\u001b[39m     expect(res\u001b[33m.\u001b[39mbody\u001b[33m.\u001b[39mphone)\u001b[33m.\u001b[39mtoBe(falseClient\u001b[33m.\u001b[39mphone)\u001b[33m;\u001b[39m\u001b[0m\u001b[22m\n\u001b[2m    \u001b[0m \u001b[90m 167 |\u001b[39m     expect(res\u001b[33m.\u001b[39mbody\u001b[33m.\u001b[39msecondaryPhone)\u001b[33m.\u001b[39mtoBe(falseClient\u001b[33m.\u001b[39msecondaryPhone)\u001b[33m;\u001b[39m\u001b[0m\u001b[22m\n\u001b[2m    \u001b[0m \u001b[90m 168 |\u001b[39m     expect(res\u001b[33m.\u001b[39mbody\u001b[33m.\u001b[39mcpf)\u001b[33m.\u001b[39mtoBe(falseClient\u001b[33m.\u001b[39mcpf)\u001b[33m;\u001b[39m\u001b[0m\u001b[22m\n\u001b[2m\u001b[22m\n\u001b[2m      \u001b[2mat Object.<anonymous> (\u001b[22m\u001b[2m\u001b[0m\u001b[36mtests/api.test.js\u001b[39m\u001b[0m\u001b[2m:165:28)\u001b[22m\u001b[2m\u001b[22m\n\n\u001b[1m\u001b[31m  \u001b[1m● \u001b[22m\u001b[1mSample Test › Get clients\u001b[39m\u001b[22m\n\n    \u001b[2mexpect(\u001b[22m\u001b[31mreceived\u001b[39m\u001b[2m).\u001b[22mtoBe\u001b[2m(\u001b[22m\u001b[32mexpected\u001b[39m\u001b[2m) // Object.is equality\u001b[22m\n\n    Expected: \u001b[32m\"Davi Rogerio\"\u001b[39m\n    Received: \u001b[31m\"Vitor Leal\"\u001b[39m\n\u001b[2m\u001b[22m\n\u001b[2m    \u001b[0m \u001b[90m 199 |\u001b[39m     \u001b[36mconst\u001b[39m lastIdx \u001b[33m=\u001b[39m res\u001b[33m.\u001b[39mbody\u001b[33m.\u001b[39mlength \u001b[33m-\u001b[39m \u001b[35m1\u001b[39m\u001b[33m;\u001b[39m \u001b[90m// Get last client on list\u001b[39m\u001b[0m\u001b[22m\n\u001b[2m    \u001b[0m \u001b[90m 200 |\u001b[39m     expect(res\u001b[33m.\u001b[39mstatusCode)\u001b[33m.\u001b[39mtoBe(\u001b[35m200\u001b[39m)\u001b[33m;\u001b[39m\u001b[0m\u001b[22m\n\u001b[2m    \u001b[0m\u001b[31m\u001b[1m>\u001b[22m\u001b[2m\u001b[39m\u001b[90m 201 |\u001b[39m     expect(res\u001b[33m.\u001b[39mbody[lastIdx]\u001b[33m.\u001b[39mname)\u001b[33m.\u001b[39mtoBe(client\u001b[33m.\u001b[39mname)\u001b[33m;\u001b[39m\u001b[0m\u001b[22m\n\u001b[2m    \u001b[0m \u001b[90m     |\u001b[39m                                    \u001b[31m\u001b[1m^\u001b[22m\u001b[2m\u001b[39m\u001b[0m\u001b[22m\n\u001b[2m    \u001b[0m \u001b[90m 202 |\u001b[39m     expect(res\u001b[33m.\u001b[39mbody[lastIdx]\u001b[33m.\u001b[39mcpf)\u001b[33m.\u001b[39mtoBe(client\u001b[33m.\u001b[39mcpf)\u001b[33m;\u001b[39m\u001b[0m\u001b[22m\n\u001b[2m    \u001b[0m \u001b[90m 203 |\u001b[39m     expect(res\u001b[33m.\u001b[39mbody[lastIdx]\u001b[33m.\u001b[39memail)\u001b[33m.\u001b[39mtoBe(client\u001b[33m.\u001b[39memail)\u001b[33m;\u001b[39m\u001b[0m\u001b[22m\n\u001b[2m    \u001b[0m \u001b[90m 204 |\u001b[39m     expect(res\u001b[33m.\u001b[39mbody[lastIdx]\u001b[33m.\u001b[39mphone)\u001b[33m.\u001b[39mtoBe(client\u001b[33m.\u001b[39mphone)\u001b[33m;\u001b[39m\u001b[0m\u001b[22m\n\u001b[2m\u001b[22m\n\u001b[2m      \u001b[2mat Object.<anonymous> (\u001b[22m\u001b[2m\u001b[0m\u001b[36mtests/api.test.js\u001b[39m\u001b[0m\u001b[2m:201:36)\u001b[22m\u001b[2m\u001b[22m\n\n\u001b[1m\u001b[31m  \u001b[1m● \u001b[22m\u001b[1mSample Test › Get client by id\u001b[39m\u001b[22m\n\n    \u001b[2mexpect(\u001b[22m\u001b[31mreceived\u001b[39m\u001b[2m).\u001b[22mtoBe\u001b[2m(\u001b[22m\u001b[32mexpected\u001b[39m\u001b[2m) // Object.is equality\u001b[22m\n\n    Expected: \u001b[32m200\u001b[39m\n    Received: \u001b[31m400\u001b[39m\n\u001b[2m\u001b[22m\n\u001b[2m    \u001b[0m \u001b[90m 213 |\u001b[39m   it(\u001b[32m'Get client by id'\u001b[39m\u001b[33m,\u001b[39m \u001b[36masync\u001b[39m (done) \u001b[33m=>\u001b[39m {\u001b[0m\u001b[22m\n\u001b[2m    \u001b[0m \u001b[90m 214 |\u001b[39m     \u001b[36mconst\u001b[39m res \u001b[33m=\u001b[39m \u001b[36mawait\u001b[39m request(app)\u001b[33m.\u001b[39m\u001b[36mget\u001b[39m(\u001b[32m`/clients/${activeID}`\u001b[39m)\u001b[33m.\u001b[39m\u001b[36mset\u001b[39m(\u001b[32m'x-access-token'\u001b[39m\u001b[33m,\u001b[39m token)\u001b[33m;\u001b[39m\u001b[0m\u001b[22m\n\u001b[2m    \u001b[0m\u001b[31m\u001b[1m>\u001b[22m\u001b[2m\u001b[39m\u001b[90m 215 |\u001b[39m     expect(res\u001b[33m.\u001b[39mstatusCode)\u001b[33m.\u001b[39mtoBe(\u001b[35m200\u001b[39m)\u001b[33m;\u001b[39m\u001b[0m\u001b[22m\n\u001b[2m    \u001b[0m \u001b[90m     |\u001b[39m                            \u001b[31m\u001b[1m^\u001b[22m\u001b[2m\u001b[39m\u001b[0m\u001b[22m\n\u001b[2m    \u001b[0m \u001b[90m 216 |\u001b[39m     expect(res\u001b[33m.\u001b[39mbody\u001b[33m.\u001b[39mname)\u001b[33m.\u001b[39mtoBe(client\u001b[33m.\u001b[39mname)\u001b[33m;\u001b[39m\u001b[0m\u001b[22m\n\u001b[2m    \u001b[0m \u001b[90m 217 |\u001b[39m     expect(res\u001b[33m.\u001b[39mbody\u001b[33m.\u001b[39mcpf)\u001b[33m.\u001b[39mtoBe(client\u001b[33m.\u001b[39mcpf)\u001b[33m;\u001b[39m\u001b[0m\u001b[22m\n\u001b[2m    \u001b[0m \u001b[90m 218 |\u001b[39m     expect(res\u001b[33m.\u001b[39mbody\u001b[33m.\u001b[39memail)\u001b[33m.\u001b[39mtoBe(client\u001b[33m.\u001b[39memail)\u001b[33m;\u001b[39m\u001b[0m\u001b[22m\n\u001b[2m\u001b[22m\n\u001b[2m      \u001b[2mat Object.<anonymous> (\u001b[22m\u001b[2m\u001b[0m\u001b[36mtests/api.test.js\u001b[39m\u001b[0m\u001b[2m:215:28)\u001b[22m\u001b[2m\u001b[22m\n\n\u001b[1m\u001b[31m  \u001b[1m● \u001b[22m\u001b[1mSample Test › Get deactivated clients\u001b[39m\u001b[22m\n\n    \u001b[2mexpect(\u001b[22m\u001b[31mreceived\u001b[39m\u001b[2m).\u001b[22mtoBe\u001b[2m(\u001b[22m\u001b[32mexpected\u001b[39m\u001b[2m) // Object.is equality\u001b[22m\n\n    Expected: \u001b[32m\"\u001b[7mCeilând\u001b[27mia\"\u001b[39m\n    Received: \u001b[31m\"\u001b[7mBrasíl\u001b[27mia\"\u001b[39m\n\u001b[2m\u001b[22m\n\u001b[2m    \u001b[0m \u001b[90m 230 |\u001b[39m     \u001b[36mconst\u001b[39m lastIdx \u001b[33m=\u001b[39m res\u001b[33m.\u001b[39mbody\u001b[33m.\u001b[39mlength \u001b[33m-\u001b[39m \u001b[35m1\u001b[39m\u001b[33m;\u001b[39m \u001b[90m// Get last client on list\u001b[39m\u001b[0m\u001b[22m\n\u001b[2m    \u001b[0m \u001b[90m 231 |\u001b[39m     expect(res\u001b[33m.\u001b[39mstatusCode)\u001b[33m.\u001b[39mtoBe(\u001b[35m200\u001b[39m)\u001b[33m;\u001b[39m\u001b[0m\u001b[22m\n\u001b[2m    \u001b[0m\u001b[31m\u001b[1m>\u001b[22m\u001b[2m\u001b[39m\u001b[90m 232 |\u001b[39m     expect(res\u001b[33m.\u001b[39mbody[lastIdx]\u001b[33m.\u001b[39maddress)\u001b[33m.\u001b[39mtoBe(falseClient\u001b[33m.\u001b[39maddress)\u001b[33m;\u001b[39m\u001b[0m\u001b[22m\n\u001b[2m    \u001b[0m \u001b[90m     |\u001b[39m                                       \u001b[31m\u001b[1m^\u001b[22m\u001b[2m\u001b[39m\u001b[0m\u001b[22m\n\u001b[2m    \u001b[0m \u001b[90m 233 |\u001b[39m     \u001b[90m//expect(res.body[lastIdx].location).toBe(falseClient.location);\u001b[39m\u001b[0m\u001b[22m\n\u001b[2m    \u001b[0m \u001b[90m 234 |\u001b[39m     expect(res\u001b[33m.\u001b[39mbody[lastIdx]\u001b[33m.\u001b[39memail)\u001b[33m.\u001b[39mtoBe(falseClient\u001b[33m.\u001b[39memail)\u001b[33m;\u001b[39m\u001b[0m\u001b[22m\n\u001b[2m    \u001b[0m \u001b[90m 235 |\u001b[39m     expect(res\u001b[33m.\u001b[39mbody[lastIdx]\u001b[33m.\u001b[39moffice)\u001b[33m.\u001b[39mtoBe(falseClient\u001b[33m.\u001b[39moffice)\u001b[33m;\u001b[39m\u001b[0m\u001b[22m\n\u001b[2m\u001b[22m\n\u001b[2m      \u001b[2mat Object.<anonymous> (\u001b[22m\u001b[2m\u001b[0m\u001b[36mtests/api.test.js\u001b[39m\u001b[0m\u001b[2m:232:39)\u001b[22m\u001b[2m\u001b[22m\n\n\u001b[1m\u001b[31m  \u001b[1m● \u001b[22m\u001b[1mSample Test › Update client\u001b[39m\u001b[22m\n\n    \u001b[2mexpect(\u001b[22m\u001b[31mreceived\u001b[39m\u001b[2m).\u001b[22mtoBe\u001b[2m(\u001b[22m\u001b[32mexpected\u001b[39m\u001b[2m) // Object.is equality\u001b[22m\n\n    Expected: \u001b[32m200\u001b[39m\n    Received: \u001b[31m400\u001b[39m\n\u001b[2m\u001b[22m\n\u001b[2m    \u001b[0m \u001b[90m 269 |\u001b[39m     }\u001b[0m\u001b[22m\n\u001b[2m    \u001b[0m \u001b[90m 270 |\u001b[39m     \u001b[36mconst\u001b[39m res \u001b[33m=\u001b[39m \u001b[36mawait\u001b[39m request(app)\u001b[33m.\u001b[39mput(\u001b[32m`/clients/update/${activeID}`\u001b[39m)\u001b[33m.\u001b[39m\u001b[36mset\u001b[39m(\u001b[32m'x-access-token'\u001b[39m\u001b[33m,\u001b[39m token)\u001b[33m.\u001b[39msend(updatedClientData)\u001b[33m;\u001b[39m\u001b[0m\u001b[22m\n\u001b[2m    \u001b[0m\u001b[31m\u001b[1m>\u001b[22m\u001b[2m\u001b[39m\u001b[90m 271 |\u001b[39m     expect(res\u001b[33m.\u001b[39mstatusCode)\u001b[33m.\u001b[39mtoBe(\u001b[35m200\u001b[39m)\u001b[33m;\u001b[39m\u001b[0m\u001b[22m\n\u001b[2m    \u001b[0m \u001b[90m     |\u001b[39m                            \u001b[31m\u001b[1m^\u001b[22m\u001b[2m\u001b[39m\u001b[0m\u001b[22m\n\u001b[2m    \u001b[0m \u001b[90m 272 |\u001b[39m     expect(res\u001b[33m.\u001b[39mbody\u001b[33m.\u001b[39mname)\u001b[33m.\u001b[39mtoBe(updatedClientData\u001b[33m.\u001b[39mname)\u001b[33m;\u001b[39m\u001b[0m\u001b[22m\n\u001b[2m    \u001b[0m \u001b[90m 273 |\u001b[39m     \u001b[90m//expect(res.body.cpf).toBe(updatedClientData.cpf);\u001b[39m\u001b[0m\u001b[22m\n\u001b[2m    \u001b[0m \u001b[90m 274 |\u001b[39m     \u001b[90m//expect(res.body.email).toBe(updatedClientData.email);\u001b[39m\u001b[0m\u001b[22m\n\u001b[2m\u001b[22m\n\u001b[2m      \u001b[2mat Object.<anonymous> (\u001b[22m\u001b[2m\u001b[0m\u001b[36mtests/api.test.js\u001b[39m\u001b[0m\u001b[2m:271:28)\u001b[22m\u001b[2m\u001b[22m\n\n\u001b[1m\u001b[31m  \u001b[1m● \u001b[22m\u001b[1mSample Test › Toggle active client\u001b[39m\u001b[22m\n\n    \u001b[2mexpect(\u001b[22m\u001b[31mreceived\u001b[39m\u001b[2m).\u001b[22mtoBe\u001b[2m(\u001b[22m\u001b[32mexpected\u001b[39m\u001b[2m) // Object.is equality\u001b[22m\n\n    Expected: \u001b[32m200\u001b[39m\n    Received: \u001b[31m400\u001b[39m\n\u001b[2m\u001b[22m\n\u001b[2m    \u001b[0m \u001b[90m 301 |\u001b[39m   it(\u001b[32m'Toggle active client'\u001b[39m\u001b[33m,\u001b[39m \u001b[36masync\u001b[39m (done) \u001b[33m=>\u001b[39m {\u001b[0m\u001b[22m\n\u001b[2m    \u001b[0m \u001b[90m 302 |\u001b[39m     \u001b[36mconst\u001b[39m res \u001b[33m=\u001b[39m \u001b[36mawait\u001b[39m request(app)\u001b[33m.\u001b[39mput(\u001b[32m`/clients/toggleStatus/${activeID}`\u001b[39m)\u001b[33m.\u001b[39m\u001b[36mset\u001b[39m(\u001b[32m'x-access-token'\u001b[39m\u001b[33m,\u001b[39m token)\u001b[33m;\u001b[39m\u001b[0m\u001b[22m\n\u001b[2m    \u001b[0m\u001b[31m\u001b[1m>\u001b[22m\u001b[2m\u001b[39m\u001b[90m 303 |\u001b[39m     expect(res\u001b[33m.\u001b[39mstatusCode)\u001b[33m.\u001b[39mtoBe(\u001b[35m200\u001b[39m)\u001b[33m;\u001b[39m\u001b[0m\u001b[22m\n\u001b[2m    \u001b[0m \u001b[90m     |\u001b[39m                            \u001b[31m\u001b[1m^\u001b[22m\u001b[2m\u001b[39m\u001b[0m\u001b[22m\n\u001b[2m    \u001b[0m \u001b[90m 304 |\u001b[39m     expect(res\u001b[33m.\u001b[39mbody\u001b[33m.\u001b[39mactive)\u001b[33m.\u001b[39mtoBe(\u001b[36mfalse\u001b[39m)\u001b[33m;\u001b[39m\u001b[0m\u001b[22m\n\u001b[2m    \u001b[0m \u001b[90m 305 |\u001b[39m     done()\u001b[33m;\u001b[39m\u001b[0m\u001b[22m\n\u001b[2m    \u001b[0m \u001b[90m 306 |\u001b[39m   })\u001b[33m;\u001b[39m\u001b[0m\u001b[22m\n\u001b[2m\u001b[22m\n\u001b[2m      \u001b[2mat Object.<anonymous> (\u001b[22m\u001b[2m\u001b[0m\u001b[36mtests/api.test.js\u001b[39m\u001b[0m\u001b[2m:303:28)\u001b[22m\u001b[2m\u001b[22m\n\n\u001b[1m\u001b[31m  \u001b[1m● \u001b[22m\u001b[1mSample Test › Get client history\u001b[39m\u001b[22m\n\n    TypeError: Cannot read property 'label' of undefined\n\u001b[2m\u001b[22m\n\u001b[2m    \u001b[0m \u001b[90m 320 |\u001b[39m     \u001b[36mconst\u001b[39m createClient \u001b[33m=\u001b[39m \u001b[36mawait\u001b[39m request(app)\u001b[33m.\u001b[39mpost(\u001b[32m'/clients/create/'\u001b[39m)\u001b[33m.\u001b[39m\u001b[36mset\u001b[39m(\u001b[32m'x-access-token'\u001b[39m\u001b[33m,\u001b[39m token)\u001b[33m.\u001b[39msend(client)\u001b[33m;\u001b[39m\u001b[0m\u001b[22m\n\u001b[2m    \u001b[0m \u001b[90m 321 |\u001b[39m     \u001b[36mconst\u001b[39m res \u001b[33m=\u001b[39m \u001b[36mawait\u001b[39m request(app)\u001b[33m.\u001b[39m\u001b[36mget\u001b[39m(\u001b[32m`/clients/history/${createClient.body._id}`\u001b[39m)\u001b[33m.\u001b[39m\u001b[36mset\u001b[39m(\u001b[32m'x-access-token'\u001b[39m\u001b[33m,\u001b[39m token)\u001b[33m;\u001b[39m\u001b[0m\u001b[22m\n\u001b[2m    \u001b[0m\u001b[31m\u001b[1m>\u001b[22m\u001b[2m\u001b[39m\u001b[90m 322 |\u001b[39m     expect(res\u001b[33m.\u001b[39mbody[\u001b[35m0\u001b[39m]\u001b[33m.\u001b[39mlabel)\u001b[33m.\u001b[39mtoBe(\u001b[32m'created'\u001b[39m)\u001b[33m;\u001b[39m\u001b[0m\u001b[22m\n\u001b[2m    \u001b[0m \u001b[90m     |\u001b[39m                        \u001b[31m\u001b[1m^\u001b[22m\u001b[2m\u001b[39m\u001b[0m\u001b[22m\n\u001b[2m    \u001b[0m \u001b[90m 323 |\u001b[39m     expect(res\u001b[33m.\u001b[39mbody[\u001b[35m0\u001b[39m]\u001b[33m.\u001b[39muser\u001b[33m.\u001b[39mname)\u001b[33m.\u001b[39mtoBe(\u001b[32m'Julia Batista'\u001b[39m)\u001b[33m;\u001b[39m\u001b[0m\u001b[22m\n\u001b[2m    \u001b[0m \u001b[90m 324 |\u001b[39m     done()\u001b[33m;\u001b[39m\u001b[0m\u001b[22m\n\u001b[2m    \u001b[0m \u001b[90m 325 |\u001b[39m   })\u001b[33m;\u001b[39m\u001b[0m\u001b[22m\n\u001b[2m\u001b[22m\n\u001b[2m      \u001b[2mat Object.<anonymous> (\u001b[22m\u001b[2m\u001b[0m\u001b[36mtests/api.test.js\u001b[39m\u001b[0m\u001b[2m:322:24)\u001b[22m\u001b[2m\u001b[22m\n","name":"/code/tests/api.test.js","startTime":1647643606298,"status":"failed","summary":""}],"wasInterrupted":false,"coverageMap":{"/code/src/Services/Axios/userService.js":{"path":"/code/src/Services/Axios/userService.js","statementMap":{"0":{"start":{"line":1,"column":21},"end":{"line":1,"column":45}},"1":{"start":{"line":3,"column":16},"end":{"line":14,"column":1}},"2":{"start":{"line":4,"column":2},"end":{"line":13,"column":3}},"3":{"start":{"line":5,"column":17},"end":{"line":6,"column":40}},"4":{"start":{"line":6,"column":26},"end":{"line":6,"column":39}},"5":{"start":{"line":7,"column":4},"end":{"line":9,"column":5}},"6":{"start":{"line":8,"column":6},"end":{"line":8,"column":41}},"7":{"start":{"line":10,"column":4},"end":{"line":10,"column":16}},"8":{"start":{"line":12,"column":4},"end":{"line":12,"column":54}},"9":{"start":{"line":16,"column":0},"end":{"line":16,"column":29}}},"fnMap":{"0":{"name":"(anonymous_0)","decl":{"start":{"line":3,"column":16},"end":{"line":3,"column":17}},"loc":{"start":{"line":3,"column":41},"end":{"line":14,"column":1}},"line":3},"1":{"name":"(anonymous_1)","decl":{"start":{"line":6,"column":12},"end":{"line":6,"column":13}},"loc":{"start":{"line":6,"column":26},"end":{"line":6,"column":39}},"line":6}},"branchMap":{"0":{"loc":{"start":{"line":7,"column":4},"end":{"line":9,"column":5}},"type":"if","locations":[{"start":{"line":7,"column":4},"end":{"line":9,"column":5}},{"start":{},"end":{}}],"line":7}},"s":{"0":2,"1":2,"2":9,"3":9,"4":9,"5":9,"6":0,"7":9,"8":0,"9":2},"f":{"0":9,"1":9},"b":{"0":[0,9]},"_coverageSchema":"1a1c01bbd47fc00a2c39e90264f33305004495a9","hash":"3d73f3f3511382cdbc8fe4b5f75a8b4d7fccdaa1"},"/code/src/Services/Axios/baseService.js":{"path":"/code/src/Services/Axios/baseService.js","statementMap":{"0":{"start":{"line":1,"column":14},"end":{"line":1,"column":30}},"1":{"start":{"line":3,"column":22},"end":{"line":3,"column":33}},"2":{"start":{"line":5,"column":17},"end":{"line":7,"column":2}},"3":{"start":{"line":9,"column":0},"end":{"line":11,"column":2}}},"fnMap":{},"branchMap":{},"s":{"0":2,"1":2,"2":2,"3":2},"f":{},"b":{},"_coverageSchema":"1a1c01bbd47fc00a2c39e90264f33305004495a9","hash":"62665cccfd9506d8e904eaa0ef1650221e55c9e9"},"/code/src/index.js":{"path":"/code/src/index.js","statementMap":{"0":{"start":{"line":1,"column":16},"end":{"line":1,"column":34}},"1":{"start":{"line":2,"column":17},"end":{"line":2,"column":36}},"2":{"start":{"line":3,"column":13},"end":{"line":3,"column":28}},"3":{"start":{"line":4,"column":15},"end":{"line":4,"column":34}},"4":{"start":{"line":5,"column":0},"end":{"line":5,"column":27}},"5":{"start":{"line":13,"column":4},"end":{"line":13,"column":15}},"6":{"start":{"line":15,"column":12},"end":{"line":15,"column":67}},"7":{"start":{"line":17,"column":0},"end":{"line":23,"column":5}},"8":{"start":{"line":19,"column":4},"end":{"line":19,"column":40}},"9":{"start":{"line":22,"column":4},"end":{"line":22,"column":55}},"10":{"start":{"line":25,"column":12},"end":{"line":25,"column":21}},"11":{"start":{"line":26,"column":0},"end":{"line":26,"column":16}},"12":{"start":{"line":27,"column":0},"end":{"line":27,"column":41}},"13":{"start":{"line":28,"column":0},"end":{"line":28,"column":16}},"14":{"start":{"line":30,"column":0},"end":{"line":32,"column":3}},"15":{"start":{"line":31,"column":2},"end":{"line":31,"column":48}},"16":{"start":{"line":34,"column":0},"end":{"line":34,"column":21}}},"fnMap":{"0":{"name":"(anonymous_0)","decl":{"start":{"line":18,"column":8},"end":{"line":18,"column":9}},"loc":{"start":{"line":18,"column":14},"end":{"line":20,"column":3}},"line":18},"1":{"name":"(anonymous_1)","decl":{"start":{"line":21,"column":9},"end":{"line":21,"column":10}},"loc":{"start":{"line":21,"column":18},"end":{"line":23,"column":3}},"line":21},"2":{"name":"(anonymous_2)","decl":{"start":{"line":30,"column":17},"end":{"line":30,"column":18}},"loc":{"start":{"line":30,"column":23},"end":{"line":32,"column":1}},"line":30}},"branchMap":{},"s":{"0":1,"1":1,"2":1,"3":1,"4":1,"5":1,"6":1,"7":1,"8":1,"9":0,"10":1,"11":1,"12":1,"13":1,"14":1,"15":1,"16":1},"f":{"0":1,"1":0,"2":1},"b":{},"_coverageSchema":"1a1c01bbd47fc00a2c39e90264f33305004495a9","hash":"95fb9a227235c7ec0521a8dead8094614cfb187b"},"/code/src/routes.js":{"path":"/code/src/routes.js","statementMap":{"0":{"start":{"line":1,"column":16},"end":{"line":1,"column":34}},"1":{"start":{"line":2,"column":22},"end":{"line":2,"column":53}},"2":{"start":{"line":3,"column":25},"end":{"line":3,"column":66}},"3":{"start":{"line":4,"column":26},"end":{"line":4,"column":68}},"4":{"start":{"line":5,"column":26},"end":{"line":5,"column":68}},"5":{"start":{"line":7,"column":15},"end":{"line":7,"column":31}},"6":{"start":{"line":9,"column":0},"end":{"line":9,"column":67}},"7":{"start":{"line":10,"column":0},"end":{"line":14,"column":2}},"8":{"start":{"line":15,"column":0},"end":{"line":15,"column":63}},"9":{"start":{"line":16,"column":0},"end":{"line":16,"column":70}},"10":{"start":{"line":17,"column":0},"end":{"line":21,"column":2}},"11":{"start":{"line":22,"column":0},"end":{"line":22,"column":63}},"12":{"start":{"line":23,"column":0},"end":{"line":23,"column":72}},"13":{"start":{"line":24,"column":0},"end":{"line":28,"column":2}},"14":{"start":{"line":29,"column":0},"end":{"line":29,"column":71}},"15":{"start":{"line":30,"column":0},"end":{"line":30,"column":76}},"16":{"start":{"line":31,"column":0},"end":{"line":31,"column":75}},"17":{"start":{"line":32,"column":0},"end":{"line":36,"column":2}},"18":{"start":{"line":37,"column":0},"end":{"line":37,"column":78}},"19":{"start":{"line":38,"column":0},"end":{"line":38,"column":68}},"20":{"start":{"line":39,"column":0},"end":{"line":39,"column":64}},"21":{"start":{"line":40,"column":0},"end":{"line":40,"column":71}},"22":{"start":{"line":41,"column":0},"end":{"line":45,"column":2}},"23":{"start":{"line":46,"column":0},"end":{"line":46,"column":24}}},"fnMap":{},"branchMap":{},"s":{"0":1,"1":1,"2":1,"3":1,"4":1,"5":1,"6":1,"7":1,"8":1,"9":1,"10":1,"11":1,"12":1,"13":1,"14":1,"15":1,"16":1,"17":1,"18":1,"19":1,"20":1,"21":1,"22":1,"23":1},"f":{},"b":{},"_coverageSchema":"1a1c01bbd47fc00a2c39e90264f33305004495a9","hash":"1b817ecff94ae6bd69e54e982fc550b00f3aff30"},"/code/src/Utils/functionsJWS.js":{"path":"/code/src/Utils/functionsJWS.js","statementMap":{"0":{"start":{"line":1,"column":12},"end":{"line":1,"column":35}},"1":{"start":{"line":4,"column":16},"end":{"line":4,"column":45}},"2":{"start":{"line":6,"column":2},"end":{"line":8,"column":3}},"3":{"start":{"line":7,"column":4},"end":{"line":7,"column":84}},"4":{"start":{"line":10,"column":2},"end":{"line":17,"column":5}},"5":{"start":{"line":11,"column":4},"end":{"line":13,"column":5}},"6":{"start":{"line":12,"column":6},"end":{"line":12,"column":101}},"7":{"start":{"line":14,"column":4},"end":{"line":14,"column":28}},"8":{"start":{"line":15,"column":4},"end":{"line":15,"column":11}},"9":{"start":{"line":16,"column":4},"end":{"line":16,"column":21}},"10":{"start":{"line":20,"column":0},"end":{"line":20,"column":31}}},"fnMap":{"0":{"name":"verifyJWT","decl":{"start":{"line":3,"column":9},"end":{"line":3,"column":18}},"loc":{"start":{"line":3,"column":35},"end":{"line":18,"column":1}},"line":3},"1":{"name":"(anonymous_1)","decl":{"start":{"line":10,"column":47},"end":{"line":10,"column":48}},"loc":{"start":{"line":10,"column":65},"end":{"line":17,"column":3}},"line":10}},"branchMap":{"0":{"loc":{"start":{"line":6,"column":2},"end":{"line":8,"column":3}},"type":"if","locations":[{"start":{"line":6,"column":2},"end":{"line":8,"column":3}},{"start":{},"end":{}}],"line":6},"1":{"loc":{"start":{"line":11,"column":4},"end":{"line":13,"column":5}},"type":"if","locations":[{"start":{"line":11,"column":4},"end":{"line":13,"column":5}},{"start":{},"end":{}}],"line":11}},"s":{"0":1,"1":47,"2":47,"3":4,"4":43,"5":43,"6":4,"7":39,"8":39,"9":39,"10":1},"f":{"0":47,"1":43},"b":{"0":[4,43],"1":[4,39]},"_coverageSchema":"1a1c01bbd47fc00a2c39e90264f33305004495a9","hash":"bf9caef562d6e74eaa286c7a249a084d23970848"},"/code/src/Controllers/ClientController.js":{"path":"/code/src/Controllers/ClientController.js","statementMap":{"0":{"start":{"line":1,"column":15},"end":{"line":1,"column":41}},"1":{"start":{"line":2,"column":15},"end":{"line":2,"column":48}},"2":{"start":{"line":3,"column":19},"end":{"line":3,"column":47}},"3":{"start":{"line":4,"column":26},"end":{"line":4,"column":52}},"4":{"start":{"line":5,"column":22},"end":{"line":5,"column":55}},"5":{"start":{"line":6,"column":20},"end":{"line":6,"column":60}},"6":{"start":{"line":8,"column":19},"end":{"line":18,"column":1}},"7":{"start":{"line":9,"column":21},"end":{"line":9,"column":30}},"8":{"start":{"line":10,"column":2},"end":{"line":13,"column":3}},"9":{"start":{"line":11,"column":20},"end":{"line":11,"column":70}},"10":{"start":{"line":12,"column":4},"end":{"line":12,"column":29}},"11":{"start":{"line":15,"column":18},"end":{"line":15,"column":74}},"12":{"start":{"line":17,"column":2},"end":{"line":17,"column":27}},"13":{"start":{"line":20,"column":15},"end":{"line":29,"column":1}},"14":{"start":{"line":21,"column":17},"end":{"line":21,"column":27}},"15":{"start":{"line":23,"column":2},"end":{"line":28,"column":3}},"16":{"start":{"line":24,"column":19},"end":{"line":24,"column":73}},"17":{"start":{"line":25,"column":4},"end":{"line":25,"column":28}},"18":{"start":{"line":27,"column":4},"end":{"line":27,"column":65}},"19":{"start":{"line":31,"column":15},"end":{"line":80,"column":1}},"20":{"start":{"line":35,"column":6},"end":{"line":35,"column":14}},"21":{"start":{"line":37,"column":23},"end":{"line":39,"column":3}},"22":{"start":{"line":41,"column":2},"end":{"line":43,"column":3}},"23":{"start":{"line":42,"column":4},"end":{"line":42,"column":59}},"24":{"start":{"line":45,"column":2},"end":{"line":79,"column":3}},"25":{"start":{"line":46,"column":18},"end":{"line":46,"column":47}},"26":{"start":{"line":47,"column":17},"end":{"line":47,"column":45}},"27":{"start":{"line":48,"column":4},"end":{"line":50,"column":5}},"28":{"start":{"line":49,"column":6},"end":{"line":49,"column":59}},"29":{"start":{"line":52,"column":17},"end":{"line":54,"column":15}},"30":{"start":{"line":55,"column":19},"end":{"line":74,"column":6}},"31":{"start":{"line":76,"column":4},"end":{"line":76,"column":28}},"32":{"start":{"line":78,"column":4},"end":{"line":78,"column":61}},"33":{"start":{"line":82,"column":15},"end":{"line":146,"column":1}},"34":{"start":{"line":83,"column":17},"end":{"line":83,"column":27}},"35":{"start":{"line":96,"column":6},"end":{"line":96,"column":14}},"36":{"start":{"line":98,"column":23},"end":{"line":105,"column":3}},"37":{"start":{"line":107,"column":2},"end":{"line":109,"column":3}},"38":{"start":{"line":108,"column":4},"end":{"line":108,"column":59}},"39":{"start":{"line":111,"column":2},"end":{"line":145,"column":3}},"40":{"start":{"line":112,"column":18},"end":{"line":112,"column":47}},"41":{"start":{"line":113,"column":17},"end":{"line":113,"column":45}},"42":{"start":{"line":114,"column":4},"end":{"line":116,"column":5}},"43":{"start":{"line":115,"column":6},"end":{"line":115,"column":59}},"44":{"start":{"line":118,"column":26},"end":{"line":118,"column":59}},"45":{"start":{"line":119,"column":20},"end":{"line":119,"column":45}},"46":{"start":{"line":120,"column":4},"end":{"line":122,"column":5}},"47":{"start":{"line":121,"column":6},"end":{"line":121,"column":56}},"48":{"start":{"line":123,"column":4},"end":{"line":141,"column":6}},"49":{"start":{"line":142,"column":4},"end":{"line":142,"column":29}},"50":{"start":{"line":144,"column":4},"end":{"line":144,"column":64}},"51":{"start":{"line":148,"column":21},"end":{"line":177,"column":1}},"52":{"start":{"line":149,"column":2},"end":{"line":176,"column":3}},"53":{"start":{"line":150,"column":19},"end":{"line":150,"column":29}},"54":{"start":{"line":152,"column":24},"end":{"line":152,"column":57}},"55":{"start":{"line":154,"column":21},"end":{"line":154,"column":32}},"56":{"start":{"line":156,"column":4},"end":{"line":158,"column":5}},"57":{"start":{"line":157,"column":6},"end":{"line":157,"column":71}},"58":{"start":{"line":160,"column":4},"end":{"line":160,"column":33}},"59":{"start":{"line":162,"column":25},"end":{"line":172,"column":5}},"60":{"start":{"line":167,"column":8},"end":{"line":169,"column":9}},"61":{"start":{"line":168,"column":10},"end":{"line":168,"column":43}},"62":{"start":{"line":170,"column":8},"end":{"line":170,"column":32}},"63":{"start":{"line":173,"column":4},"end":{"line":173,"column":24}},"64":{"start":{"line":175,"column":4},"end":{"line":175,"column":65}},"65":{"start":{"line":179,"column":16},"end":{"line":214,"column":1}},"66":{"start":{"line":180,"column":17},"end":{"line":180,"column":27}},"67":{"start":{"line":182,"column":2},"end":{"line":213,"column":3}},"68":{"start":{"line":183,"column":16},"end":{"line":183,"column":18}},"69":{"start":{"line":184,"column":18},"end":{"line":184,"column":47}},"70":{"start":{"line":185,"column":24},"end":{"line":185,"column":57}},"71":{"start":{"line":186,"column":26},"end":{"line":206,"column":5}},"72":{"start":{"line":188,"column":21},"end":{"line":188,"column":54}},"73":{"start":{"line":189,"column":8},"end":{"line":192,"column":9}},"74":{"start":{"line":190,"column":10},"end":{"line":190,"column":29}},"75":{"start":{"line":191,"column":10},"end":{"line":191,"column":17}},"76":{"start":{"line":193,"column":8},"end":{"line":204,"column":10}},"77":{"start":{"line":207,"column":4},"end":{"line":209,"column":5}},"78":{"start":{"line":208,"column":6},"end":{"line":208,"column":54}},"79":{"start":{"line":210,"column":4},"end":{"line":210,"column":35}},"80":{"start":{"line":212,"column":4},"end":{"line":212,"column":65}},"81":{"start":{"line":216,"column":29},"end":{"line":220,"column":1}},"82":{"start":{"line":217,"column":18},"end":{"line":217,"column":70}},"83":{"start":{"line":219,"column":2},"end":{"line":219,"column":39}},"84":{"start":{"line":222,"column":26},"end":{"line":249,"column":1}},"85":{"start":{"line":223,"column":17},"end":{"line":223,"column":27}},"86":{"start":{"line":224,"column":40},"end":{"line":224,"column":48}},"87":{"start":{"line":225,"column":2},"end":{"line":229,"column":3}},"88":{"start":{"line":226,"column":4},"end":{"line":228,"column":7}},"89":{"start":{"line":230,"column":2},"end":{"line":248,"column":3}},"90":{"start":{"line":231,"column":19},"end":{"line":231,"column":52}},"91":{"start":{"line":232,"column":4},"end":{"line":236,"column":5}},"92":{"start":{"line":233,"column":6},"end":{"line":235,"column":9}},"93":{"start":{"line":238,"column":4},"end":{"line":243,"column":19}},"94":{"start":{"line":245,"column":4},"end":{"line":245,"column":53}},"95":{"start":{"line":247,"column":4},"end":{"line":247,"column":58}},"96":{"start":{"line":251,"column":0},"end":{"line":260,"column":2}}},"fnMap":{"0":{"name":"(anonymous_0)","decl":{"start":{"line":8,"column":19},"end":{"line":8,"column":20}},"loc":{"start":{"line":8,"column":39},"end":{"line":18,"column":1}},"line":8},"1":{"name":"(anonymous_1)","decl":{"start":{"line":20,"column":15},"end":{"line":20,"column":16}},"loc":{"start":{"line":20,"column":35},"end":{"line":29,"column":1}},"line":20},"2":{"name":"(anonymous_2)","decl":{"start":{"line":31,"column":15},"end":{"line":31,"column":16}},"loc":{"start":{"line":31,"column":35},"end":{"line":80,"column":1}},"line":31},"3":{"name":"(anonymous_3)","decl":{"start":{"line":82,"column":15},"end":{"line":82,"column":16}},"loc":{"start":{"line":82,"column":35},"end":{"line":146,"column":1}},"line":82},"4":{"name":"(anonymous_4)","decl":{"start":{"line":148,"column":21},"end":{"line":148,"column":22}},"loc":{"start":{"line":148,"column":41},"end":{"line":177,"column":1}},"line":148},"5":{"name":"(anonymous_5)","decl":{"start":{"line":166,"column":6},"end":{"line":166,"column":7}},"loc":{"start":{"line":166,"column":23},"end":{"line":171,"column":7}},"line":166},"6":{"name":"(anonymous_6)","decl":{"start":{"line":179,"column":16},"end":{"line":179,"column":17}},"loc":{"start":{"line":179,"column":36},"end":{"line":214,"column":1}},"line":179},"7":{"name":"(anonymous_7)","decl":{"start":{"line":187,"column":30},"end":{"line":187,"column":31}},"loc":{"start":{"line":187,"column":46},"end":{"line":205,"column":7}},"line":187},"8":{"name":"(anonymous_8)","decl":{"start":{"line":216,"column":29},"end":{"line":216,"column":30}},"loc":{"start":{"line":216,"column":49},"end":{"line":220,"column":1}},"line":216},"9":{"name":"(anonymous_9)","decl":{"start":{"line":222,"column":26},"end":{"line":222,"column":27}},"loc":{"start":{"line":222,"column":46},"end":{"line":249,"column":1}},"line":222}},"branchMap":{"0":{"loc":{"start":{"line":10,"column":2},"end":{"line":13,"column":3}},"type":"if","locations":[{"start":{"line":10,"column":2},"end":{"line":13,"column":3}},{"start":{},"end":{}}],"line":10},"1":{"loc":{"start":{"line":41,"column":2},"end":{"line":43,"column":3}},"type":"if","locations":[{"start":{"line":41,"column":2},"end":{"line":43,"column":3}},{"start":{},"end":{}}],"line":41},"2":{"loc":{"start":{"line":48,"column":4},"end":{"line":50,"column":5}},"type":"if","locations":[{"start":{"line":48,"column":4},"end":{"line":50,"column":5}},{"start":{},"end":{}}],"line":48},"3":{"loc":{"start":{"line":107,"column":2},"end":{"line":109,"column":3}},"type":"if","locations":[{"start":{"line":107,"column":2},"end":{"line":109,"column":3}},{"start":{},"end":{}}],"line":107},"4":{"loc":{"start":{"line":114,"column":4},"end":{"line":116,"column":5}},"type":"if","locations":[{"start":{"line":114,"column":4},"end":{"line":116,"column":5}},{"start":{},"end":{}}],"line":114},"5":{"loc":{"start":{"line":120,"column":4},"end":{"line":122,"column":5}},"type":"if","locations":[{"start":{"line":120,"column":4},"end":{"line":122,"column":5}},{"start":{},"end":{}}],"line":120},"6":{"loc":{"start":{"line":156,"column":4},"end":{"line":158,"column":5}},"type":"if","locations":[{"start":{"line":156,"column":4},"end":{"line":158,"column":5}},{"start":{},"end":{}}],"line":156},"7":{"loc":{"start":{"line":167,"column":8},"end":{"line":169,"column":9}},"type":"if","locations":[{"start":{"line":167,"column":8},"end":{"line":169,"column":9}},{"start":{},"end":{}}],"line":167},"8":{"loc":{"start":{"line":189,"column":8},"end":{"line":192,"column":9}},"type":"if","locations":[{"start":{"line":189,"column":8},"end":{"line":192,"column":9}},{"start":{},"end":{}}],"line":189},"9":{"loc":{"start":{"line":207,"column":4},"end":{"line":209,"column":5}},"type":"if","locations":[{"start":{"line":207,"column":4},"end":{"line":209,"column":5}},{"start":{},"end":{}}],"line":207},"10":{"loc":{"start":{"line":225,"column":2},"end":{"line":229,"column":3}},"type":"if","locations":[{"start":{"line":225,"column":2},"end":{"line":229,"column":3}},{"start":{},"end":{}}],"line":225},"11":{"loc":{"start":{"line":232,"column":4},"end":{"line":236,"column":5}},"type":"if","locations":[{"start":{"line":232,"column":4},"end":{"line":236,"column":5}},{"start":{},"end":{}}],"line":232}},"s":{"0":1,"1":1,"2":1,"3":1,"4":1,"5":1,"6":1,"7":2,"8":2,"9":1,"10":1,"11":1,"12":1,"13":1,"14":1,"15":1,"16":1,"17":0,"18":1,"19":1,"20":9,"21":9,"22":9,"23":2,"24":7,"25":7,"26":7,"27":7,"28":0,"29":7,"30":7,"31":0,"32":7,"33":1,"34":2,"35":2,"36":2,"37":2,"38":1,"39":1,"40":1,"41":1,"42":1,"43":0,"44":1,"45":0,"46":0,"47":0,"48":0,"49":0,"50":1,"51":1,"52":1,"53":1,"54":1,"55":0,"56":0,"57":0,"58":0,"59":0,"60":0,"61":0,"62":0,"63":0,"64":1,"65":1,"66":2,"67":2,"68":2,"69":2,"70":2,"71":0,"72":0,"73":0,"74":0,"75":0,"76":0,"77":0,"78":0,"79":0,"80":2,"81":1,"82":1,"83":1,"84":1,"85":0,"86":0,"87":0,"88":0,"89":0,"90":0,"91":0,"92":0,"93":0,"94":0,"95":0,"96":1},"f":{"0":2,"1":1,"2":9,"3":2,"4":1,"5":0,"6":2,"7":0,"8":1,"9":0},"b":{"0":[1,1],"1":[2,7],"2":[0,7],"3":[1,1],"4":[0,1],"5":[0,0],"6":[0,0],"7":[0,0],"8":[0,0],"9":[0,0],"10":[0,0],"11":[0,0]},"_coverageSchema":"1a1c01bbd47fc00a2c39e90264f33305004495a9","hash":"7ddbd438907f10f3a328b4e46bd16ddfda0e9cd6"},"/code/src/Models/ClientSchema.js":{"path":"/code/src/Models/ClientSchema.js","statementMap":{"0":{"start":{"line":1,"column":17},"end":{"line":1,"column":36}},"1":{"start":{"line":3,"column":21},"end":{"line":85,"column":2}},"2":{"start":{"line":87,"column":0},"end":{"line":87,"column":56}}},"fnMap":{},"branchMap":{},"s":{"0":1,"1":1,"2":1},"f":{},"b":{},"_coverageSchema":"1a1c01bbd47fc00a2c39e90264f33305004495a9","hash":"6523b455b39d7f4c225bcfc10bb10d1a336666da"},"/code/src/Utils/validate.js":{"path":"/code/src/Utils/validate.js","statementMap":{"0":{"start":{"line":1,"column":21},"end":{"line":4,"column":1}},"1":{"start":{"line":2,"column":16},"end":{"line":2,"column":64}},"2":{"start":{"line":3,"column":2},"end":{"line":3,"column":26}},"3":{"start":{"line":7,"column":27},"end":{"line":18,"column":3}},"4":{"start":{"line":20,"column":18},"end":{"line":20,"column":22}},"5":{"start":{"line":22,"column":2},"end":{"line":26,"column":5}},"6":{"start":{"line":23,"column":4},"end":{"line":25,"column":5}},"7":{"start":{"line":24,"column":6},"end":{"line":24,"column":24}},"8":{"start":{"line":27,"column":2},"end":{"line":27,"column":19}},"9":{"start":{"line":31,"column":2},"end":{"line":31,"column":26}},"10":{"start":{"line":35,"column":2},"end":{"line":37,"column":3}},"11":{"start":{"line":36,"column":4},"end":{"line":36,"column":16}},"12":{"start":{"line":39,"column":29},"end":{"line":39,"column":42}},"13":{"start":{"line":40,"column":13},"end":{"line":40,"column":14}},"14":{"start":{"line":41,"column":24},"end":{"line":41,"column":66}},"15":{"start":{"line":42,"column":28},"end":{"line":42,"column":57}},"16":{"start":{"line":43,"column":2},"end":{"line":45,"column":3}},"17":{"start":{"line":43,"column":22},"end":{"line":43,"column":23}},"18":{"start":{"line":44,"column":4},"end":{"line":44,"column":61}},"19":{"start":{"line":47,"column":2},"end":{"line":49,"column":3}},"20":{"start":{"line":48,"column":4},"end":{"line":48,"column":58}},"21":{"start":{"line":51,"column":2},"end":{"line":51,"column":15}},"22":{"start":{"line":55,"column":24},"end":{"line":55,"column":26}},"23":{"start":{"line":57,"column":2},"end":{"line":57,"column":52}},"24":{"start":{"line":60,"column":20},"end":{"line":65,"column":1}},"25":{"start":{"line":61,"column":2},"end":{"line":63,"column":3}},"26":{"start":{"line":62,"column":4},"end":{"line":62,"column":17}},"27":{"start":{"line":64,"column":2},"end":{"line":64,"column":14}},"28":{"start":{"line":67,"column":22},"end":{"line":70,"column":1}},"29":{"start":{"line":68,"column":16},"end":{"line":68,"column":175}},"30":{"start":{"line":69,"column":2},"end":{"line":69,"column":27}},"31":{"start":{"line":72,"column":22},"end":{"line":75,"column":1}},"32":{"start":{"line":73,"column":16},"end":{"line":73,"column":32}},"33":{"start":{"line":74,"column":2},"end":{"line":74,"column":27}},"34":{"start":{"line":77,"column":25},"end":{"line":89,"column":1}},"35":{"start":{"line":78,"column":17},"end":{"line":78,"column":19}},"36":{"start":{"line":80,"column":2},"end":{"line":82,"column":3}},"37":{"start":{"line":81,"column":4},"end":{"line":81,"column":32}},"38":{"start":{"line":82,"column":4},"end":{"line":84,"column":3}},"39":{"start":{"line":83,"column":4},"end":{"line":83,"column":39}},"40":{"start":{"line":84,"column":4},"end":{"line":86,"column":3}},"41":{"start":{"line":85,"column":4},"end":{"line":85,"column":33}},"42":{"start":{"line":88,"column":2},"end":{"line":88,"column":16}},"43":{"start":{"line":91,"column":17},"end":{"line":107,"column":1}},"44":{"start":{"line":92,"column":14},"end":{"line":92,"column":16}},"45":{"start":{"line":94,"column":2},"end":{"line":96,"column":3}},"46":{"start":{"line":95,"column":4},"end":{"line":95,"column":29}},"47":{"start":{"line":96,"column":4},"end":{"line":98,"column":3}},"48":{"start":{"line":97,"column":4},"end":{"line":97,"column":28}},"49":{"start":{"line":98,"column":4},"end":{"line":100,"column":3}},"50":{"start":{"line":99,"column":4},"end":{"line":99,"column":30}},"51":{"start":{"line":100,"column":4},"end":{"line":102,"column":3}},"52":{"start":{"line":101,"column":4},"end":{"line":101,"column":30}},"53":{"start":{"line":102,"column":4},"end":{"line":104,"column":3}},"54":{"start":{"line":103,"column":4},"end":{"line":103,"column":40}},"55":{"start":{"line":106,"column":2},"end":{"line":106,"column":13}},"56":{"start":{"line":109,"column":23},"end":{"line":112,"column":1}},"57":{"start":{"line":110,"column":16},"end":{"line":110,"column":32}},"58":{"start":{"line":111,"column":2},"end":{"line":111,"column":28}},"59":{"start":{"line":114,"column":0},"end":{"line":114,"column":64}}},"fnMap":{"0":{"name":"(anonymous_0)","decl":{"start":{"line":1,"column":21},"end":{"line":1,"column":22}},"loc":{"start":{"line":1,"column":31},"end":{"line":4,"column":1}},"line":1},"1":{"name":"checaCPFRepetido","decl":{"start":{"line":6,"column":9},"end":{"line":6,"column":25}},"loc":{"start":{"line":6,"column":31},"end":{"line":28,"column":1}},"line":6},"2":{"name":"(anonymous_2)","decl":{"start":{"line":22,"column":27},"end":{"line":22,"column":28}},"loc":{"start":{"line":22,"column":38},"end":{"line":26,"column":3}},"line":22},"3":{"name":"confirmaDigito","decl":{"start":{"line":30,"column":9},"end":{"line":30,"column":23}},"loc":{"start":{"line":30,"column":30},"end":{"line":32,"column":1}},"line":30},"4":{"name":"checaDigitoVerificador","decl":{"start":{"line":34,"column":9},"end":{"line":34,"column":31}},"loc":{"start":{"line":34,"column":52},"end":{"line":52,"column":1}},"line":34},"5":{"name":"checaEstruturaCPF","decl":{"start":{"line":54,"column":9},"end":{"line":54,"column":26}},"loc":{"start":{"line":54,"column":32},"end":{"line":58,"column":1}},"line":54},"6":{"name":"(anonymous_6)","decl":{"start":{"line":60,"column":20},"end":{"line":60,"column":21}},"loc":{"start":{"line":60,"column":29},"end":{"line":65,"column":1}},"line":60},"7":{"name":"(anonymous_7)","decl":{"start":{"line":67,"column":22},"end":{"line":67,"column":23}},"loc":{"start":{"line":67,"column":33},"end":{"line":70,"column":1}},"line":67},"8":{"name":"(anonymous_8)","decl":{"start":{"line":72,"column":22},"end":{"line":72,"column":23}},"loc":{"start":{"line":72,"column":33},"end":{"line":75,"column":1}},"line":72},"9":{"name":"(anonymous_9)","decl":{"start":{"line":77,"column":25},"end":{"line":77,"column":26}},"loc":{"start":{"line":77,"column":55},"end":{"line":89,"column":1}},"line":77},"10":{"name":"(anonymous_10)","decl":{"start":{"line":91,"column":17},"end":{"line":91,"column":18}},"loc":{"start":{"line":91,"column":62},"end":{"line":107,"column":1}},"line":91},"11":{"name":"(anonymous_11)","decl":{"start":{"line":109,"column":23},"end":{"line":109,"column":24}},"loc":{"start":{"line":109,"column":35},"end":{"line":112,"column":1}},"line":109}},"branchMap":{"0":{"loc":{"start":{"line":23,"column":4},"end":{"line":25,"column":5}},"type":"if","locations":[{"start":{"line":23,"column":4},"end":{"line":25,"column":5}},{"start":{},"end":{}}],"line":23},"1":{"loc":{"start":{"line":35,"column":2},"end":{"line":37,"column":3}},"type":"if","locations":[{"start":{"line":35,"column":2},"end":{"line":37,"column":3}},{"start":{},"end":{}}],"line":35},"2":{"loc":{"start":{"line":47,"column":2},"end":{"line":49,"column":3}},"type":"if","locations":[{"start":{"line":47,"column":2},"end":{"line":49,"column":3}},{"start":{},"end":{}}],"line":47},"3":{"loc":{"start":{"line":47,"column":6},"end":{"line":47,"column":124}},"type":"binary-expr","locations":[{"start":{"line":47,"column":7},"end":{"line":47,"column":63}},{"start":{"line":47,"column":69},"end":{"line":47,"column":92}},{"start":{"line":47,"column":96},"end":{"line":47,"column":123}}],"line":47},"4":{"loc":{"start":{"line":61,"column":2},"end":{"line":63,"column":3}},"type":"if","locations":[{"start":{"line":61,"column":2},"end":{"line":63,"column":3}},{"start":{},"end":{}}],"line":61},"5":{"loc":{"start":{"line":61,"column":6},"end":{"line":61,"column":55}},"type":"binary-expr","locations":[{"start":{"line":61,"column":6},"end":{"line":61,"column":28}},{"start":{"line":61,"column":32},"end":{"line":61,"column":55}}],"line":61},"6":{"loc":{"start":{"line":80,"column":2},"end":{"line":82,"column":3}},"type":"if","locations":[{"start":{"line":80,"column":2},"end":{"line":82,"column":3}},{"start":{},"end":{}}],"line":80},"7":{"loc":{"start":{"line":82,"column":4},"end":{"line":84,"column":3}},"type":"if","locations":[{"start":{"line":82,"column":4},"end":{"line":84,"column":3}},{"start":{},"end":{}}],"line":82},"8":{"loc":{"start":{"line":84,"column":4},"end":{"line":86,"column":3}},"type":"if","locations":[{"start":{"line":84,"column":4},"end":{"line":86,"column":3}},{"start":{},"end":{}}],"line":84},"9":{"loc":{"start":{"line":94,"column":2},"end":{"line":96,"column":3}},"type":"if","locations":[{"start":{"line":94,"column":2},"end":{"line":96,"column":3}},{"start":{},"end":{}}],"line":94},"10":{"loc":{"start":{"line":96,"column":4},"end":{"line":98,"column":3}},"type":"if","locations":[{"start":{"line":96,"column":4},"end":{"line":98,"column":3}},{"start":{},"end":{}}],"line":96},"11":{"loc":{"start":{"line":98,"column":4},"end":{"line":100,"column":3}},"type":"if","locations":[{"start":{"line":98,"column":4},"end":{"line":100,"column":3}},{"start":{},"end":{}}],"line":98},"12":{"loc":{"start":{"line":100,"column":4},"end":{"line":102,"column":3}},"type":"if","locations":[{"start":{"line":100,"column":4},"end":{"line":102,"column":3}},{"start":{},"end":{}}],"line":100},"13":{"loc":{"start":{"line":102,"column":4},"end":{"line":104,"column":3}},"type":"if","locations":[{"start":{"line":102,"column":4},"end":{"line":104,"column":3}},{"start":{},"end":{}}],"line":102}},"s":{"0":1,"1":11,"2":11,"3":11,"4":11,"5":11,"6":110,"7":0,"8":11,"9":19,"10":27,"11":8,"12":19,"13":19,"14":19,"15":19,"16":19,"17":19,"18":179,"19":19,"20":16,"21":3,"22":11,"23":11,"24":1,"25":11,"26":3,"27":8,"28":1,"29":11,"30":11,"31":1,"32":22,"33":22,"34":1,"35":7,"36":7,"37":2,"38":7,"39":2,"40":7,"41":2,"42":7,"43":1,"44":11,"45":11,"46":2,"47":11,"48":3,"49":11,"50":2,"51":11,"52":2,"53":11,"54":2,"55":11,"56":1,"57":0,"58":0,"59":1},"f":{"0":11,"1":11,"2":110,"3":19,"4":27,"5":11,"6":11,"7":11,"8":22,"9":7,"10":11,"11":0},"b":{"0":[0,110],"1":[8,19],"2":[16,3],"3":[19,3,0],"4":[3,8],"5":[11,11],"6":[2,5],"7":[2,5],"8":[2,5],"9":[2,9],"10":[3,8],"11":[2,9],"12":[2,9],"13":[2,9]},"_coverageSchema":"1a1c01bbd47fc00a2c39e90264f33305004495a9","hash":"8e4c073aefccffa4ffe3fca554304fbc78587092"},"/code/src/Utils/mailer.js":{"path":"/code/src/Utils/mailer.js","statementMap":{"0":{"start":{"line":1,"column":19},"end":{"line":1,"column":40}},"1":{"start":{"line":2,"column":17},"end":{"line":2,"column":41}},"2":{"start":{"line":3,"column":0},"end":{"line":3,"column":27}},"3":{"start":{"line":7,"column":4},"end":{"line":7,"column":15}},"4":{"start":{"line":9,"column":20},"end":{"line":16,"column":2}},"5":{"start":{"line":18,"column":18},"end":{"line":20,"column":1}},"6":{"start":{"line":19,"column":2},"end":{"line":19,"column":35}},"7":{"start":{"line":22,"column":22},"end":{"line":30,"column":1}},"8":{"start":{"line":23,"column":2},"end":{"line":29,"column":3}},"9":{"start":{"line":24,"column":4},"end":{"line":24,"column":26}},"10":{"start":{"line":26,"column":17},"end":{"line":26,"column":37}},"11":{"start":{"line":27,"column":26},"end":{"line":27,"column":89}},"12":{"start":{"line":28,"column":4},"end":{"line":28,"column":69}},"13":{"start":{"line":28,"column":46},"end":{"line":28,"column":67}},"14":{"start":{"line":32,"column":0},"end":{"line":35,"column":2}}},"fnMap":{"0":{"name":"(anonymous_0)","decl":{"start":{"line":18,"column":18},"end":{"line":18,"column":19}},"loc":{"start":{"line":18,"column":34},"end":{"line":20,"column":1}},"line":18},"1":{"name":"(anonymous_1)","decl":{"start":{"line":22,"column":22},"end":{"line":22,"column":23}},"loc":{"start":{"line":22,"column":50},"end":{"line":30,"column":1}},"line":22},"2":{"name":"(anonymous_2)","decl":{"start":{"line":28,"column":40},"end":{"line":28,"column":41}},"loc":{"start":{"line":28,"column":46},"end":{"line":28,"column":67}},"line":28}},"branchMap":{"0":{"loc":{"start":{"line":23,"column":2},"end":{"line":29,"column":3}},"type":"if","locations":[{"start":{"line":23,"column":2},"end":{"line":29,"column":3}},{"start":{"line":25,"column":9},"end":{"line":29,"column":3}}],"line":23}},"s":{"0":1,"1":1,"2":1,"3":1,"4":1,"5":1,"6":0,"7":1,"8":0,"9":0,"10":0,"11":0,"12":0,"13":0,"14":1},"f":{"0":0,"1":0,"2":0},"b":{"0":[0,0]},"_coverageSchema":"1a1c01bbd47fc00a2c39e90264f33305004495a9","hash":"46d4678421c1f96a140ed47de822724d1f34baab"},"/code/src/Utils/verifyChanges.js":{"path":"/code/src/Utils/verifyChanges.js","statementMap":{"0":{"start":{"line":1,"column":15},"end":{"line":1,"column":41}},"1":{"start":{"line":2,"column":15},"end":{"line":2,"column":48}},"2":{"start":{"line":4,"column":21},"end":{"line":13,"column":1}},"3":{"start":{"line":5,"column":15},"end":{"line":5,"column":96}},"4":{"start":{"line":6,"column":2},"end":{"line":12,"column":4}},"5":{"start":{"line":15,"column":22},"end":{"line":46,"column":1}},"6":{"start":{"line":16,"column":17},"end":{"line":16,"column":50}},"7":{"start":{"line":18,"column":21},"end":{"line":18,"column":23}},"8":{"start":{"line":20,"column":2},"end":{"line":22,"column":3}},"9":{"start":{"line":21,"column":4},"end":{"line":21,"column":56}},"10":{"start":{"line":23,"column":2},"end":{"line":25,"column":3}},"11":{"start":{"line":24,"column":4},"end":{"line":24,"column":55}},"12":{"start":{"line":26,"column":2},"end":{"line":28,"column":3}},"13":{"start":{"line":27,"column":4},"end":{"line":27,"column":57}},"14":{"start":{"line":29,"column":2},"end":{"line":31,"column":3}},"15":{"start":{"line":30,"column":4},"end":{"line":30,"column":57}},"16":{"start":{"line":32,"column":2},"end":{"line":34,"column":3}},"17":{"start":{"line":33,"column":4},"end":{"line":33,"column":66}},"18":{"start":{"line":35,"column":2},"end":{"line":37,"column":3}},"19":{"start":{"line":36,"column":4},"end":{"line":36,"column":58}},"20":{"start":{"line":38,"column":2},"end":{"line":40,"column":3}},"21":{"start":{"line":39,"column":4},"end":{"line":39,"column":59}},"22":{"start":{"line":41,"column":2},"end":{"line":43,"column":3}},"23":{"start":{"line":42,"column":4},"end":{"line":42,"column":60}},"24":{"start":{"line":45,"column":2},"end":{"line":45,"column":44}},"25":{"start":{"line":48,"column":0},"end":{"line":48,"column":31}}},"fnMap":{"0":{"name":"(anonymous_0)","decl":{"start":{"line":4,"column":21},"end":{"line":4,"column":22}},"loc":{"start":{"line":4,"column":46},"end":{"line":13,"column":1}},"line":4},"1":{"name":"(anonymous_1)","decl":{"start":{"line":15,"column":22},"end":{"line":15,"column":23}},"loc":{"start":{"line":15,"column":42},"end":{"line":46,"column":1}},"line":15}},"branchMap":{"0":{"loc":{"start":{"line":20,"column":2},"end":{"line":22,"column":3}},"type":"if","locations":[{"start":{"line":20,"column":2},"end":{"line":22,"column":3}},{"start":{},"end":{}}],"line":20},"1":{"loc":{"start":{"line":23,"column":2},"end":{"line":25,"column":3}},"type":"if","locations":[{"start":{"line":23,"column":2},"end":{"line":25,"column":3}},{"start":{},"end":{}}],"line":23},"2":{"loc":{"start":{"line":26,"column":2},"end":{"line":28,"column":3}},"type":"if","locations":[{"start":{"line":26,"column":2},"end":{"line":28,"column":3}},{"start":{},"end":{}}],"line":26},"3":{"loc":{"start":{"line":29,"column":2},"end":{"line":31,"column":3}},"type":"if","locations":[{"start":{"line":29,"column":2},"end":{"line":31,"column":3}},{"start":{},"end":{}}],"line":29},"4":{"loc":{"start":{"line":32,"column":2},"end":{"line":34,"column":3}},"type":"if","locations":[{"start":{"line":32,"column":2},"end":{"line":34,"column":3}},{"start":{},"end":{}}],"line":32},"5":{"loc":{"start":{"line":35,"column":2},"end":{"line":37,"column":3}},"type":"if","locations":[{"start":{"line":35,"column":2},"end":{"line":37,"column":3}},{"start":{},"end":{}}],"line":35},"6":{"loc":{"start":{"line":38,"column":2},"end":{"line":40,"column":3}},"type":"if","locations":[{"start":{"line":38,"column":2},"end":{"line":40,"column":3}},{"start":{},"end":{}}],"line":38},"7":{"loc":{"start":{"line":41,"column":2},"end":{"line":43,"column":3}},"type":"if","locations":[{"start":{"line":41,"column":2},"end":{"line":43,"column":3}},{"start":{},"end":{}}],"line":41}},"s":{"0":1,"1":1,"2":1,"3":0,"4":0,"5":1,"6":1,"7":0,"8":0,"9":0,"10":0,"11":0,"12":0,"13":0,"14":0,"15":0,"16":0,"17":0,"18":0,"19":0,"20":0,"21":0,"22":0,"23":0,"24":0,"25":1},"f":{"0":0,"1":1},"b":{"0":[0,0],"1":[0,0],"2":[0,0],"3":[0,0],"4":[0,0],"5":[0,0],"6":[0,0],"7":[0,0]},"_coverageSchema":"1a1c01bbd47fc00a2c39e90264f33305004495a9","hash":"7063218c510c91b8daa51b266b3f2e1d2eec2115"},"/code/src/Controllers/FeatureController.js":{"path":"/code/src/Controllers/FeatureController.js","statementMap":{"0":{"start":{"line":1,"column":15},"end":{"line":1,"column":41}},"1":{"start":{"line":2,"column":16},"end":{"line":2,"column":50}},"2":{"start":{"line":3,"column":29},"end":{"line":3,"column":57}},"3":{"start":{"line":5,"column":24},"end":{"line":9,"column":1}},"4":{"start":{"line":6,"column":19},"end":{"line":6,"column":39}},"5":{"start":{"line":8,"column":2},"end":{"line":8,"column":28}},"6":{"start":{"line":11,"column":24},"end":{"line":19,"column":1}},"7":{"start":{"line":12,"column":27},"end":{"line":12,"column":35}},"8":{"start":{"line":13,"column":2},"end":{"line":18,"column":3}},"9":{"start":{"line":14,"column":21},"end":{"line":14,"column":71}},"10":{"start":{"line":15,"column":4},"end":{"line":15,"column":42}},"11":{"start":{"line":17,"column":4},"end":{"line":17,"column":59}},"12":{"start":{"line":21,"column":22},"end":{"line":41,"column":1}},"13":{"start":{"line":24,"column":6},"end":{"line":24,"column":14}},"14":{"start":{"line":26,"column":20},"end":{"line":26,"column":62}},"15":{"start":{"line":28,"column":2},"end":{"line":30,"column":3}},"16":{"start":{"line":29,"column":4},"end":{"line":29,"column":56}},"17":{"start":{"line":32,"column":21},"end":{"line":38,"column":4}},"18":{"start":{"line":40,"column":2},"end":{"line":40,"column":42}},"19":{"start":{"line":43,"column":22},"end":{"line":66,"column":1}},"20":{"start":{"line":44,"column":17},"end":{"line":44,"column":27}},"21":{"start":{"line":47,"column":6},"end":{"line":47,"column":14}},"22":{"start":{"line":49,"column":20},"end":{"line":49,"column":62}},"23":{"start":{"line":51,"column":2},"end":{"line":53,"column":3}},"24":{"start":{"line":52,"column":4},"end":{"line":52,"column":56}},"25":{"start":{"line":55,"column":2},"end":{"line":65,"column":3}},"26":{"start":{"line":56,"column":27},"end":{"line":61,"column":43}},"27":{"start":{"line":61,"column":35},"end":{"line":61,"column":42}},"28":{"start":{"line":62,"column":4},"end":{"line":62,"column":48}},"29":{"start":{"line":64,"column":4},"end":{"line":64,"column":59}},"30":{"start":{"line":68,"column":22},"end":{"line":77,"column":1}},"31":{"start":{"line":69,"column":17},"end":{"line":69,"column":27}},"32":{"start":{"line":71,"column":2},"end":{"line":76,"column":3}},"33":{"start":{"line":72,"column":4},"end":{"line":72,"column":41}},"34":{"start":{"line":73,"column":4},"end":{"line":73,"column":56}},"35":{"start":{"line":75,"column":4},"end":{"line":75,"column":59}},"36":{"start":{"line":79,"column":0},"end":{"line":81,"column":2}}},"fnMap":{"0":{"name":"(anonymous_0)","decl":{"start":{"line":5,"column":24},"end":{"line":5,"column":25}},"loc":{"start":{"line":5,"column":44},"end":{"line":9,"column":1}},"line":5},"1":{"name":"(anonymous_1)","decl":{"start":{"line":11,"column":24},"end":{"line":11,"column":25}},"loc":{"start":{"line":11,"column":44},"end":{"line":19,"column":1}},"line":11},"2":{"name":"(anonymous_2)","decl":{"start":{"line":21,"column":22},"end":{"line":21,"column":23}},"loc":{"start":{"line":21,"column":42},"end":{"line":41,"column":1}},"line":21},"3":{"name":"(anonymous_3)","decl":{"start":{"line":43,"column":22},"end":{"line":43,"column":23}},"loc":{"start":{"line":43,"column":42},"end":{"line":66,"column":1}},"line":43},"4":{"name":"(anonymous_4)","decl":{"start":{"line":61,"column":22},"end":{"line":61,"column":23}},"loc":{"start":{"line":61,"column":35},"end":{"line":61,"column":42}},"line":61},"5":{"name":"(anonymous_5)","decl":{"start":{"line":68,"column":22},"end":{"line":68,"column":23}},"loc":{"start":{"line":68,"column":42},"end":{"line":77,"column":1}},"line":68}},"branchMap":{"0":{"loc":{"start":{"line":28,"column":2},"end":{"line":30,"column":3}},"type":"if","locations":[{"start":{"line":28,"column":2},"end":{"line":30,"column":3}},{"start":{},"end":{}}],"line":28},"1":{"loc":{"start":{"line":51,"column":2},"end":{"line":53,"column":3}},"type":"if","locations":[{"start":{"line":51,"column":2},"end":{"line":53,"column":3}},{"start":{},"end":{}}],"line":51}},"s":{"0":1,"1":1,"2":1,"3":1,"4":1,"5":1,"6":1,"7":2,"8":2,"9":2,"10":1,"11":1,"12":1,"13":4,"14":4,"15":4,"16":3,"17":1,"18":1,"19":1,"20":3,"21":3,"22":3,"23":3,"24":1,"25":2,"26":2,"27":2,"28":1,"29":1,"30":1,"31":2,"32":2,"33":2,"34":1,"35":1,"36":1},"f":{"0":1,"1":2,"2":4,"3":3,"4":2,"5":2},"b":{"0":[3,1],"1":[1,2]},"_coverageSchema":"1a1c01bbd47fc00a2c39e90264f33305004495a9","hash":"51a74730a2df99511b5f4764599ffbbcddb78648"},"/code/src/Models/FeatureSchema.js":{"path":"/code/src/Models/FeatureSchema.js","statementMap":{"0":{"start":{"line":1,"column":17},"end":{"line":1,"column":36}},"1":{"start":{"line":3,"column":22},"end":{"line":24,"column":2}},"2":{"start":{"line":26,"column":0},"end":{"line":26,"column":58}}},"fnMap":{},"branchMap":{},"s":{"0":1,"1":1,"2":1},"f":{},"b":{},"_coverageSchema":"1a1c01bbd47fc00a2c39e90264f33305004495a9","hash":"82bb311832adad14bad3733e2a4f8bed589df20e"},"/code/src/Controllers/LotacaoController.js":{"path":"/code/src/Controllers/LotacaoController.js","statementMap":{"0":{"start":{"line":1,"column":15},"end":{"line":1,"column":41}},"1":{"start":{"line":2,"column":16},"end":{"line":2,"column":50}},"2":{"start":{"line":4,"column":15},"end":{"line":21,"column":1}},"3":{"start":{"line":7,"column":6},"end":{"line":7,"column":14}},"4":{"start":{"line":9,"column":2},"end":{"line":20,"column":3}},"5":{"start":{"line":10,"column":17},"end":{"line":10,"column":98}},"6":{"start":{"line":11,"column":20},"end":{"line":16,"column":6}},"7":{"start":{"line":17,"column":4},"end":{"line":17,"column":29}},"8":{"start":{"line":19,"column":4},"end":{"line":19,"column":61}},"9":{"start":{"line":23,"column":19},"end":{"line":26,"column":1}},"10":{"start":{"line":24,"column":24},"end":{"line":24,"column":44}},"11":{"start":{"line":25,"column":2},"end":{"line":25,"column":33}},"12":{"start":{"line":28,"column":15},"end":{"line":45,"column":1}},"13":{"start":{"line":29,"column":17},"end":{"line":29,"column":27}},"14":{"start":{"line":32,"column":6},"end":{"line":32,"column":14}},"15":{"start":{"line":34,"column":2},"end":{"line":44,"column":3}},"16":{"start":{"line":35,"column":20},"end":{"line":40,"column":18}},"17":{"start":{"line":41,"column":4},"end":{"line":41,"column":29}},"18":{"start":{"line":43,"column":4},"end":{"line":43,"column":64}},"19":{"start":{"line":47,"column":22},"end":{"line":55,"column":1}},"20":{"start":{"line":48,"column":17},"end":{"line":48,"column":27}},"21":{"start":{"line":49,"column":2},"end":{"line":54,"column":3}},"22":{"start":{"line":50,"column":4},"end":{"line":50,"column":41}},"23":{"start":{"line":51,"column":4},"end":{"line":51,"column":56}},"24":{"start":{"line":53,"column":4},"end":{"line":53,"column":59}},"25":{"start":{"line":57,"column":0},"end":{"line":59,"column":2}}},"fnMap":{"0":{"name":"(anonymous_0)","decl":{"start":{"line":4,"column":15},"end":{"line":4,"column":16}},"loc":{"start":{"line":4,"column":35},"end":{"line":21,"column":1}},"line":4},"1":{"name":"(anonymous_1)","decl":{"start":{"line":23,"column":19},"end":{"line":23,"column":20}},"loc":{"start":{"line":23,"column":39},"end":{"line":26,"column":1}},"line":23},"2":{"name":"(anonymous_2)","decl":{"start":{"line":28,"column":15},"end":{"line":28,"column":16}},"loc":{"start":{"line":28,"column":35},"end":{"line":45,"column":1}},"line":28},"3":{"name":"(anonymous_3)","decl":{"start":{"line":47,"column":22},"end":{"line":47,"column":23}},"loc":{"start":{"line":47,"column":42},"end":{"line":55,"column":1}},"line":47}},"branchMap":{},"s":{"0":1,"1":1,"2":1,"3":5,"4":5,"5":5,"6":5,"7":5,"8":0,"9":1,"10":1,"11":1,"12":1,"13":1,"14":1,"15":1,"16":1,"17":1,"18":0,"19":1,"20":2,"21":2,"22":2,"23":1,"24":1,"25":1},"f":{"0":5,"1":1,"2":1,"3":2},"b":{},"_coverageSchema":"1a1c01bbd47fc00a2c39e90264f33305004495a9","hash":"3a0f477eed70d1f1bf97a64ad25ee2513c7c910e"},"/code/src/Models/LotacaoSchema.js":{"path":"/code/src/Models/LotacaoSchema.js","statementMap":{"0":{"start":{"line":1,"column":17},"end":{"line":1,"column":36}},"1":{"start":{"line":3,"column":22},"end":{"line":21,"column":2}},"2":{"start":{"line":23,"column":0},"end":{"line":23,"column":58}}},"fnMap":{},"branchMap":{},"s":{"0":1,"1":1,"2":1},"f":{},"b":{},"_coverageSchema":"1a1c01bbd47fc00a2c39e90264f33305004495a9","hash":"853e3923502701305ccedcec11fb45f1b92fd162"}}}